<?xml version="1.0" encoding="UTF-8"?>
<coverage generated="1778436231685" clover="3.2.0">
  <project timestamp="1778436231685" name="All files">
    <metrics statements="190" coveredstatements="180" conditionals="85" coveredconditionals="77" methods="57" coveredmethods="54" elements="332" coveredelements="311" complexity="0" loc="190" ncloc="190" packages="7" files="13" classes="13"/>
    <package name="components.citas">
      <metrics statements="10" coveredstatements="10" conditionals="16" coveredconditionals="14" methods="4" coveredmethods="4"/>
      <file name="CitaCard.jsx" path="C:\Users\lilia\Desktop\Proyecto-Veterinaria-EFT\src\components\citas\CitaCard.jsx">
        <metrics statements="3" coveredstatements="3" conditionals="14" coveredconditionals="12" methods="1" coveredmethods="1"/>
        <line num="13" count="1" type="stmt"/>
        <line num="14" count="17" type="cond" truecount="2" falsecount="0"/>
        <line num="16" count="17" type="stmt"/>
      </file>
      <file name="FiltroFecha.jsx" path="C:\Users\lilia\Desktop\Proyecto-Veterinaria-EFT\src\components\citas\FiltroFecha.jsx">
        <metrics statements="7" coveredstatements="7" conditionals="2" coveredconditionals="2" methods="3" coveredmethods="3"/>
        <line num="12" count="1" type="stmt"/>
        <line num="13" count="10" type="stmt"/>
        <line num="15" count="10" type="stmt"/>
        <line num="16" count="1" type="stmt"/>
        <line num="19" count="10" type="stmt"/>
        <line num="20" count="1" type="stmt"/>
        <line num="23" count="10" type="stmt"/>
      </file>
    </package>
    <package name="components.clientes">
      <metrics statements="6" coveredstatements="6" conditionals="8" coveredconditionals="6" methods="3" coveredmethods="3"/>
      <file name="ClienteCard.jsx" path="C:\Users\lilia\Desktop\Proyecto-Veterinaria-EFT\src\components\clientes\ClienteCard.jsx">
        <metrics statements="6" coveredstatements="6" conditionals="8" coveredconditionals="6" methods="3" coveredmethods="3"/>
        <line num="13" count="1" type="stmt"/>
        <line num="14" count="13" type="stmt"/>
        <line num="16" count="13" type="stmt"/>
        <line num="17" count="1" type="stmt"/>
        <line num="20" count="13" type="stmt"/>
        <line num="59" count="21" type="stmt"/>
      </file>
    </package>
    <package name="components.mascotas">
      <metrics statements="7" coveredstatements="7" conditionals="5" coveredconditionals="5" methods="2" coveredmethods="2"/>
      <file name="MascotaDetalle.jsx" path="C:\Users\lilia\Desktop\Proyecto-Veterinaria-EFT\src\components\mascotas\MascotaDetalle.jsx">
        <metrics statements="7" coveredstatements="7" conditionals="5" coveredconditionals="5" methods="2" coveredmethods="2"/>
        <line num="17" count="1" type="cond" truecount="1" falsecount="0"/>
        <line num="18" count="11" type="stmt"/>
        <line num="20" count="11" type="cond" truecount="2" falsecount="0"/>
        <line num="22" count="9" type="cond" truecount="2" falsecount="0"/>
        <line num="23" count="1" type="stmt"/>
        <line num="32" count="8" type="stmt"/>
        <line num="37" count="1" type="stmt"/>
      </file>
    </package>
    <package name="components.ui">
      <metrics statements="10" coveredstatements="10" conditionals="16" coveredconditionals="16" methods="3" coveredmethods="3"/>
      <file name="Badge.jsx" path="C:\Users\lilia\Desktop\Proyecto-Veterinaria-EFT\src\components\ui\Badge.jsx">
        <metrics statements="5" coveredstatements="5" conditionals="7" coveredconditionals="7" methods="1" coveredmethods="1"/>
        <line num="11" count="1" type="cond" truecount="1" falsecount="0"/>
        <line num="12" count="8" type="cond" truecount="2" falsecount="0"/>
        <line num="13" count="8" type="cond" truecount="2" falsecount="0"/>
        <line num="15" count="8" type="cond" truecount="2" falsecount="0"/>
        <line num="19" count="8" type="stmt"/>
      </file>
      <file name="EmptyState.jsx" path="C:\Users\lilia\Desktop\Proyecto-Veterinaria-EFT\src\components\ui\EmptyState.jsx">
        <metrics statements="2" coveredstatements="2" conditionals="5" coveredconditionals="5" methods="1" coveredmethods="1"/>
        <line num="10" count="1" type="stmt"/>
        <line num="15" count="7" type="stmt"/>
      </file>
      <file name="Spinner.jsx" path="C:\Users\lilia\Desktop\Proyecto-Veterinaria-EFT\src\components\ui\Spinner.jsx">
        <metrics statements="3" coveredstatements="3" conditionals="4" coveredconditionals="4" methods="1" coveredmethods="1"/>
        <line num="9" count="1" type="cond" truecount="2" falsecount="0"/>
        <line num="10" count="7" type="stmt"/>
        <line num="16" count="7" type="stmt"/>
      </file>
    </package>
    <package name="hooks">
      <metrics statements="69" coveredstatements="68" conditionals="20" coveredconditionals="16" methods="13" coveredmethods="13"/>
      <file name="useCitas.js" path="C:\Users\lilia\Desktop\Proyecto-Veterinaria-EFT\src\hooks\useCitas.js">
        <metrics statements="27" coveredstatements="26" conditionals="10" coveredconditionals="8" methods="5" coveredmethods="5"/>
        <line num="3" count="1" type="stmt"/>
        <line num="9" count="1" type="stmt"/>
        <line num="10" count="19" type="cond" truecount="2" falsecount="0"/>
        <line num="11" count="16" type="cond" truecount="1" falsecount="1"/>
        <line num="12" count="0" type="stmt"/>
        <line num="22" count="1" type="stmt"/>
        <line num="23" count="12" type="stmt"/>
        <line num="24" count="12" type="stmt"/>
        <line num="25" count="12" type="stmt"/>
        <line num="27" count="12" type="stmt"/>
        <line num="28" count="7" type="stmt"/>
        <line num="30" count="7" type="stmt"/>
        <line num="31" count="7" type="stmt"/>
        <line num="32" count="7" type="stmt"/>
        <line num="33" count="7" type="stmt"/>
        <line num="35" count="7" type="stmt"/>
        <line num="36" count="7" type="cond" truecount="2" falsecount="0"/>
        <line num="40" count="7" type="stmt"/>
        <line num="42" count="6" type="cond" truecount="2" falsecount="0"/>
        <line num="44" count="5" type="stmt"/>
        <line num="45" count="5" type="stmt"/>
        <line num="47" count="2" type="cond" truecount="1" falsecount="1"/>
        <line num="48" count="2" type="stmt"/>
        <line num="51" count="7" type="stmt"/>
        <line num="55" count="7" type="stmt"/>
        <line num="57" count="7" type="stmt"/>
        <line num="60" count="12" type="stmt"/>
      </file>
      <file name="useClientes.js" path="C:\Users\lilia\Desktop\Proyecto-Veterinaria-EFT\src\hooks\useClientes.js">
        <metrics statements="42" coveredstatements="42" conditionals="10" coveredconditionals="8" methods="8" coveredmethods="8"/>
        <line num="3" count="1" type="stmt"/>
        <line num="9" count="1" type="stmt"/>
        <line num="10" count="8" type="stmt"/>
        <line num="11" count="8" type="stmt"/>
        <line num="12" count="8" type="stmt"/>
        <line num="14" count="8" type="stmt"/>
        <line num="15" count="5" type="stmt"/>
        <line num="17" count="5" type="stmt"/>
        <line num="18" count="5" type="stmt"/>
        <line num="19" count="5" type="stmt"/>
        <line num="20" count="5" type="stmt"/>
        <line num="22" count="5" type="stmt"/>
        <line num="26" count="4" type="cond" truecount="2" falsecount="0"/>
        <line num="28" count="3" type="stmt"/>
        <line num="29" count="3" type="stmt"/>
        <line num="31" count="2" type="cond" truecount="1" falsecount="1"/>
        <line num="32" count="2" type="stmt"/>
        <line num="35" count="5" type="stmt"/>
        <line num="39" count="5" type="stmt"/>
        <line num="41" count="5" type="stmt"/>
        <line num="44" count="8" type="stmt"/>
        <line num="51" count="1" type="stmt"/>
        <line num="52" count="7" type="stmt"/>
        <line num="53" count="7" type="stmt"/>
        <line num="54" count="7" type="stmt"/>
        <line num="56" count="7" type="stmt"/>
        <line num="57" count="5" type="cond" truecount="2" falsecount="0"/>
        <line num="59" count="4" type="stmt"/>
        <line num="61" count="4" type="stmt"/>
        <line num="62" count="4" type="stmt"/>
        <line num="63" count="4" type="stmt"/>
        <line num="64" count="4" type="stmt"/>
        <line num="66" count="4" type="stmt"/>
        <line num="70" count="4" type="cond" truecount="2" falsecount="0"/>
        <line num="72" count="3" type="stmt"/>
        <line num="73" count="3" type="stmt"/>
        <line num="75" count="1" type="cond" truecount="1" falsecount="1"/>
        <line num="76" count="1" type="stmt"/>
        <line num="79" count="4" type="stmt"/>
        <line num="83" count="4" type="stmt"/>
        <line num="85" count="4" type="stmt"/>
        <line num="88" count="7" type="stmt"/>
      </file>
    </package>
    <package name="store.slices">
      <metrics statements="49" coveredstatements="40" conditionals="0" coveredconditionals="0" methods="25" coveredmethods="22"/>
      <file name="citasSlice.js" path="C:\Users\lilia\Desktop\Proyecto-Veterinaria-EFT\src\store\slices\citasSlice.js">
        <metrics statements="20" coveredstatements="17" conditionals="0" coveredconditionals="0" methods="11" coveredmethods="10"/>
        <line num="14" count="1" type="stmt"/>
        <line num="17" count="0" type="stmt"/>
        <line num="18" count="0" type="stmt"/>
        <line num="20" count="0" type="stmt"/>
        <line num="27" count="1" type="stmt"/>
        <line num="37" count="1" type="stmt"/>
        <line num="40" count="1" type="stmt"/>
        <line num="41" count="1" type="stmt"/>
        <line num="45" count="1" type="stmt"/>
        <line num="47" count="1" type="stmt"/>
        <line num="48" count="1" type="stmt"/>
        <line num="51" count="1" type="stmt"/>
        <line num="52" count="1" type="stmt"/>
        <line num="55" count="1" type="stmt"/>
        <line num="56" count="1" type="stmt"/>
        <line num="61" count="1" type="stmt"/>
        <line num="65" count="1" type="stmt"/>
        <line num="66" count="1" type="stmt"/>
        <line num="67" count="1" type="stmt"/>
        <line num="68" count="1" type="stmt"/>
      </file>
      <file name="clientesSlice.js" path="C:\Users\lilia\Desktop\Proyecto-Veterinaria-EFT\src\store\slices\clientesSlice.js">
        <metrics statements="29" coveredstatements="23" conditionals="0" coveredconditionals="0" methods="14" coveredmethods="12"/>
        <line num="14" count="1" type="stmt"/>
        <line num="17" count="0" type="stmt"/>
        <line num="18" count="0" type="stmt"/>
        <line num="20" count="0" type="stmt"/>
        <line num="25" count="1" type="stmt"/>
        <line num="28" count="0" type="stmt"/>
        <line num="29" count="0" type="stmt"/>
        <line num="31" count="0" type="stmt"/>
        <line num="38" count="1" type="stmt"/>
        <line num="48" count="1" type="stmt"/>
        <line num="49" count="1" type="stmt"/>
        <line num="53" count="1" type="stmt"/>
        <line num="56" count="1" type="stmt"/>
        <line num="57" count="1" type="stmt"/>
        <line num="60" count="1" type="stmt"/>
        <line num="61" count="1" type="stmt"/>
        <line num="64" count="1" type="stmt"/>
        <line num="65" count="1" type="stmt"/>
        <line num="70" count="1" type="stmt"/>
        <line num="71" count="1" type="stmt"/>
        <line num="74" count="1" type="stmt"/>
        <line num="75" count="1" type="stmt"/>
        <line num="78" count="1" type="stmt"/>
        <line num="79" count="1" type="stmt"/>
        <line num="84" count="1" type="stmt"/>
        <line num="88" count="1" type="stmt"/>
        <line num="89" count="1" type="stmt"/>
        <line num="90" count="1" type="stmt"/>
        <line num="91" count="1" type="stmt"/>
      </file>
    </package>
    <package name="utils">
      <metrics statements="39" coveredstatements="39" conditionals="20" coveredconditionals="20" methods="7" coveredmethods="7"/>
      <file name="constants.js" path="C:\Users\lilia\Desktop\Proyecto-Veterinaria-EFT\src\utils\constants.js">
        <metrics statements="10" coveredstatements="10" conditionals="0" coveredconditionals="0" methods="0" coveredmethods="0"/>
        <line num="10" count="3" type="stmt"/>
        <line num="11" count="3" type="stmt"/>
        <line num="16" count="3" type="stmt"/>
        <line num="21" count="3" type="stmt"/>
        <line num="29" count="3" type="stmt"/>
        <line num="37" count="3" type="stmt"/>
        <line num="47" count="3" type="stmt"/>
        <line num="50" count="3" type="stmt"/>
        <line num="62" count="3" type="stmt"/>
        <line num="72" count="3" type="stmt"/>
      </file>
      <file name="formatDate.js" path="C:\Users\lilia\Desktop\Proyecto-Veterinaria-EFT\src\utils\formatDate.js">
        <metrics statements="29" coveredstatements="29" conditionals="20" coveredconditionals="20" methods="7" coveredmethods="7"/>
        <line num="7" count="2" type="stmt"/>
        <line num="13" count="2" type="stmt"/>
        <line num="14" count="5" type="cond" truecount="2" falsecount="0"/>
        <line num="16" count="2" type="stmt"/>
        <line num="17" count="2" type="stmt"/>
        <line num="29" count="2" type="stmt"/>
        <line num="30" count="3" type="cond" truecount="2" falsecount="0"/>
        <line num="31" count="1" type="stmt"/>
        <line num="32" count="1" type="stmt"/>
        <line num="39" count="2" type="stmt"/>
        <line num="40" count="23" type="cond" truecount="2" falsecount="0"/>
        <line num="41" count="20" type="stmt"/>
        <line num="42" count="20" type="stmt"/>
        <line num="43" count="20" type="stmt"/>
        <line num="44" count="20" type="stmt"/>
        <line num="56" count="2" type="stmt"/>
        <line num="57" count="8" type="cond" truecount="2" falsecount="0"/>
        <line num="58" count="6" type="cond" truecount="2" falsecount="0"/>
        <line num="59" count="5" type="stmt"/>
        <line num="60" count="5" type="stmt"/>
        <line num="61" count="5" type="stmt"/>
        <line num="62" count="5" type="stmt"/>
        <line num="69" count="2" type="stmt"/>
        <line num="76" count="2" type="stmt"/>
        <line num="77" count="6" type="cond" truecount="4" falsecount="0"/>
        <line num="78" count="4" type="cond" truecount="2" falsecount="0"/>
        <line num="85" count="2" type="stmt"/>
        <line num="86" count="4" type="cond" truecount="4" falsecount="0"/>
        <line num="87" count="2" type="stmt"/>
      </file>
    </package>
  </project>
</coverage>
