{"C:\\Users\\lilia\\Desktop\\Proyecto-Veterinaria-EFT\\src\\components\\citas\\CitaCard.jsx": {"path":"C:\\Users\\lilia\\Desktop\\Proyecto-Veterinaria-EFT\\src\\components\\citas\\CitaCard.jsx","statementMap":{"0":{"start":{"line":8,"column":17},"end":{"line":92,"column":1}},"1":{"start":{"line":11,"column":23},"end":{"line":11,"column":67}},"2":{"start":{"line":13,"column":2},"end":{"line":91,"column":4}}},"fnMap":{"0":{"name":"(anonymous_0)","decl":{"start":{"line":8,"column":17},"end":{"line":8,"column":18}},"loc":{"start":{"line":8,"column":31},"end":{"line":92,"column":1}},"line":8}},"branchMap":{"0":{"loc":{"start":{"line":11,"column":23},"end":{"line":11,"column":67}},"type":"binary-expr","locations":[{"start":{"line":11,"column":23},"end":{"line":11,"column":59}},{"start":{"line":11,"column":63},"end":{"line":11,"column":67}}],"line":11},"1":{"loc":{"start":{"line":36,"column":13},"end":{"line":36,"column":40}},"type":"binary-expr","locations":[{"start":{"line":36,"column":13},"end":{"line":36,"column":33}},{"start":{"line":36,"column":37},"end":{"line":36,"column":40}}],"line":36},"2":{"loc":{"start":{"line":40,"column":13},"end":{"line":40,"column":64}},"type":"cond-expr","locations":[{"start":{"line":40,"column":34},"end":{"line":40,"column":59}},{"start":{"line":40,"column":62},"end":{"line":40,"column":64}}],"line":40},"3":{"loc":{"start":{"line":51,"column":13},"end":{"line":51,"column":40}},"type":"binary-expr","locations":[{"start":{"line":51,"column":13},"end":{"line":51,"column":33}},{"start":{"line":51,"column":37},"end":{"line":51,"column":40}}],"line":51},"4":{"loc":{"start":{"line":65,"column":13},"end":{"line":65,"column":44}},"type":"binary-expr","locations":[{"start":{"line":65,"column":13},"end":{"line":65,"column":37}},{"start":{"line":65,"column":41},"end":{"line":65,"column":44}}],"line":65},"5":{"loc":{"start":{"line":74,"column":7},"end":{"line":82,"column":7}},"type":"binary-expr","locations":[{"start":{"line":74,"column":7},"end":{"line":74,"column":18}},{"start":{"line":75,"column":8},"end":{"line":81,"column":11}}],"line":74},"6":{"loc":{"start":{"line":85,"column":7},"end":{"line":89,"column":7}},"type":"binary-expr","locations":[{"start":{"line":85,"column":7},"end":{"line":85,"column":17}},{"start":{"line":86,"column":8},"end":{"line":88,"column":12}}],"line":85}},"s":{"0":1,"1":17,"2":17},"f":{"0":17},"b":{"0":[17,2],"1":[17,1],"2":[10,7],"3":[17,0],"4":[17,0],"5":[17,10],"6":[17,10]},"_coverageSchema":"1a1c01bbd47fc00a2c39e90264f33305004495a9","hash":"d0162665935a9a113298458cecc388604d27368b"}
,"C:\\Users\\lilia\\Desktop\\Proyecto-Veterinaria-EFT\\src\\components\\citas\\FiltroFecha.jsx": {"path":"C:\\Users\\lilia\\Desktop\\Proyecto-Veterinaria-EFT\\src\\components\\citas\\FiltroFecha.jsx","statementMap":{"0":{"start":{"line":6,"column":20},"end":{"line":69,"column":1}},"1":{"start":{"line":9,"column":19},"end":{"line":9,"column":24}},"2":{"start":{"line":12,"column":23},"end":{"line":14,"column":3}},"3":{"start":{"line":13,"column":4},"end":{"line":13,"column":29}},"4":{"start":{"line":17,"column":17},"end":{"line":19,"column":3}},"5":{"start":{"line":18,"column":4},"end":{"line":18,"column":23}},"6":{"start":{"line":21,"column":2},"end":{"line":68,"column":4}}},"fnMap":{"0":{"name":"(anonymous_0)","decl":{"start":{"line":6,"column":20},"end":{"line":6,"column":21}},"loc":{"start":{"line":6,"column":45},"end":{"line":69,"column":1}},"line":6},"1":{"name":"(anonymous_1)","decl":{"start":{"line":12,"column":23},"end":{"line":12,"column":24}},"loc":{"start":{"line":12,"column":30},"end":{"line":14,"column":3}},"line":12},"2":{"name":"(anonymous_2)","decl":{"start":{"line":17,"column":17},"end":{"line":17,"column":18}},"loc":{"start":{"line":17,"column":23},"end":{"line":19,"column":3}},"line":17}},"branchMap":{"0":{"loc":{"start":{"line":58,"column":7},"end":{"line":66,"column":7}},"type":"binary-expr","locations":[{"start":{"line":58,"column":7},"end":{"line":58,"column":25}},{"start":{"line":59,"column":8},"end":{"line":65,"column":17}}],"line":58}},"s":{"0":1,"1":10,"2":10,"3":1,"4":10,"5":1,"6":10},"f":{"0":10,"1":1,"2":1},"b":{"0":[10,3]},"_coverageSchema":"1a1c01bbd47fc00a2c39e90264f33305004495a9","hash":"e64b876158f22737c2934e42d7d9ab94c5afe436"}
,"C:\\Users\\lilia\\Desktop\\Proyecto-Veterinaria-EFT\\src\\components\\clientes\\ClienteCard.jsx": {"path":"C:\\Users\\lilia\\Desktop\\Proyecto-Veterinaria-EFT\\src\\components\\clientes\\ClienteCard.jsx","statementMap":{"0":{"start":{"line":7,"column":20},"end":{"line":75,"column":1}},"1":{"start":{"line":8,"column":19},"end":{"line":8,"column":32}},"2":{"start":{"line":11,"column":22},"end":{"line":13,"column":3}},"3":{"start":{"line":12,"column":4},"end":{"line":12,"column":48}},"4":{"start":{"line":15,"column":2},"end":{"line":74,"column":4}},"5":{"start":{"line":56,"column":12},"end":{"line":62,"column":19}}},"fnMap":{"0":{"name":"(anonymous_0)","decl":{"start":{"line":7,"column":20},"end":{"line":7,"column":21}},"loc":{"start":{"line":7,"column":37},"end":{"line":75,"column":1}},"line":7},"1":{"name":"(anonymous_1)","decl":{"start":{"line":11,"column":22},"end":{"line":11,"column":23}},"loc":{"start":{"line":11,"column":28},"end":{"line":13,"column":3}},"line":11},"2":{"name":"(anonymous_2)","decl":{"start":{"line":55,"column":32},"end":{"line":55,"column":33}},"loc":{"start":{"line":56,"column":12},"end":{"line":62,"column":19}},"line":56}},"branchMap":{"0":{"loc":{"start":{"line":32,"column":11},"end":{"line":32,"column":40}},"type":"binary-expr","locations":[{"start":{"line":32,"column":11},"end":{"line":32,"column":35}},{"start":{"line":32,"column":39},"end":{"line":32,"column":40}}],"line":32},"1":{"loc":{"start":{"line":33,"column":11},"end":{"line":33,"column":66}},"type":"cond-expr","locations":[{"start":{"line":33,"column":44},"end":{"line":33,"column":53}},{"start":{"line":33,"column":56},"end":{"line":33,"column":66}}],"line":33},"2":{"loc":{"start":{"line":53,"column":7},"end":{"line":65,"column":7}},"type":"binary-expr","locations":[{"start":{"line":53,"column":7},"end":{"line":53,"column":35}},{"start":{"line":54,"column":8},"end":{"line":64,"column":14}}],"line":53},"3":{"loc":{"start":{"line":60,"column":40},"end":{"line":60,"column":72}},"type":"binary-expr","locations":[{"start":{"line":60,"column":40},"end":{"line":60,"column":64}},{"start":{"line":60,"column":68},"end":{"line":60,"column":72}}],"line":60}},"s":{"0":1,"1":13,"2":13,"3":1,"4":13,"5":21},"f":{"0":13,"1":1,"2":21},"b":{"0":[13,0],"1":[1,12],"2":[13,11],"3":[21,0]},"_coverageSchema":"1a1c01bbd47fc00a2c39e90264f33305004495a9","hash":"0622c2f6be0f57a1047da4d0b57e7586e7fd6e1b"}
,"C:\\Users\\lilia\\Desktop\\Proyecto-Veterinaria-EFT\\src\\components\\mascotas\\MascotaDetalle.jsx": {"path":"C:\\Users\\lilia\\Desktop\\Proyecto-Veterinaria-EFT\\src\\components\\mascotas\\MascotaDetalle.jsx","statementMap":{"0":{"start":{"line":10,"column":23},"end":{"line":48,"column":1}},"1":{"start":{"line":11,"column":19},"end":{"line":11,"column":32}},"2":{"start":{"line":14,"column":2},"end":{"line":14,"column":62}},"3":{"start":{"line":14,"column":15},"end":{"line":14,"column":62}},"4":{"start":{"line":17,"column":2},"end":{"line":25,"column":3}},"5":{"start":{"line":18,"column":4},"end":{"line":24,"column":6}},"6":{"start":{"line":27,"column":2},"end":{"line":47,"column":4}},"7":{"start":{"line":32,"column":23},"end":{"line":32,"column":35}}},"fnMap":{"0":{"name":"(anonymous_0)","decl":{"start":{"line":10,"column":23},"end":{"line":10,"column":24}},"loc":{"start":{"line":10,"column":57},"end":{"line":48,"column":1}},"line":10},"1":{"name":"(anonymous_1)","decl":{"start":{"line":32,"column":17},"end":{"line":32,"column":18}},"loc":{"start":{"line":32,"column":23},"end":{"line":32,"column":35}},"line":32}},"branchMap":{"0":{"loc":{"start":{"line":10,"column":35},"end":{"line":10,"column":50}},"type":"default-arg","locations":[{"start":{"line":10,"column":45},"end":{"line":10,"column":50}}],"line":10},"1":{"loc":{"start":{"line":14,"column":2},"end":{"line":14,"column":62}},"type":"if","locations":[{"start":{"line":14,"column":2},"end":{"line":14,"column":62}},{"start":{},"end":{}}],"line":14},"2":{"loc":{"start":{"line":17,"column":2},"end":{"line":25,"column":3}},"type":"if","locations":[{"start":{"line":17,"column":2},"end":{"line":25,"column":3}},{"start":{},"end":{}}],"line":17}},"s":{"0":1,"1":11,"2":11,"3":2,"4":9,"5":1,"6":8,"7":1},"f":{"0":11,"1":1},"b":{"0":[8],"1":[2,9],"2":[1,8]},"_coverageSchema":"1a1c01bbd47fc00a2c39e90264f33305004495a9","hash":"1f2188fcfc6fad24d1d6a3dfe90a1774098cd5f7"}
,"C:\\Users\\lilia\\Desktop\\Proyecto-Veterinaria-EFT\\src\\components\\ui\\Badge.jsx": {"path":"C:\\Users\\lilia\\Desktop\\Proyecto-Veterinaria-EFT\\src\\components\\ui\\Badge.jsx","statementMap":{"0":{"start":{"line":5,"column":14},"end":{"line":26,"column":1}},"1":{"start":{"line":9,"column":21},"end":{"line":9,"column":74}},"2":{"start":{"line":12,"column":16},"end":{"line":12,"column":47}},"3":{"start":{"line":15,"column":20},"end":{"line":17,"column":25}},"4":{"start":{"line":19,"column":2},"end":{"line":25,"column":4}}},"fnMap":{"0":{"name":"(anonymous_0)","decl":{"start":{"line":5,"column":14},"end":{"line":5,"column":15}},"loc":{"start":{"line":5,"column":43},"end":{"line":26,"column":1}},"line":5}},"branchMap":{"0":{"loc":{"start":{"line":5,"column":25},"end":{"line":5,"column":36}},"type":"default-arg","locations":[{"start":{"line":5,"column":32},"end":{"line":5,"column":36}}],"line":5},"1":{"loc":{"start":{"line":9,"column":21},"end":{"line":9,"column":74}},"type":"binary-expr","locations":[{"start":{"line":9,"column":21},"end":{"line":9,"column":43}},{"start":{"line":9,"column":47},"end":{"line":9,"column":74}}],"line":9},"2":{"loc":{"start":{"line":12,"column":16},"end":{"line":12,"column":47}},"type":"binary-expr","locations":[{"start":{"line":12,"column":16},"end":{"line":12,"column":37}},{"start":{"line":12,"column":41},"end":{"line":12,"column":47}}],"line":12},"3":{"loc":{"start":{"line":15,"column":20},"end":{"line":17,"column":25}},"type":"cond-expr","locations":[{"start":{"line":16,"column":6},"end":{"line":16,"column":27}},{"start":{"line":17,"column":6},"end":{"line":17,"column":25}}],"line":15}},"s":{"0":1,"1":8,"2":8,"3":8,"4":8},"f":{"0":8},"b":{"0":[7],"1":[8,1],"2":[8,1],"3":[1,7]},"_coverageSchema":"1a1c01bbd47fc00a2c39e90264f33305004495a9","hash":"dc43531a2a8050dc029f8f3e0b67a078b0477813"}
,"C:\\Users\\lilia\\Desktop\\Proyecto-Veterinaria-EFT\\src\\components\\ui\\EmptyState.jsx": {"path":"C:\\Users\\lilia\\Desktop\\Proyecto-Veterinaria-EFT\\src\\components\\ui\\EmptyState.jsx","statementMap":{"0":{"start":{"line":4,"column":19},"end":{"line":29,"column":1}},"1":{"start":{"line":9,"column":2},"end":{"line":28,"column":4}}},"fnMap":{"0":{"name":"(anonymous_0)","decl":{"start":{"line":4,"column":19},"end":{"line":4,"column":20}},"loc":{"start":{"line":8,"column":6},"end":{"line":29,"column":1}},"line":8}},"branchMap":{"0":{"loc":{"start":{"line":5,"column":2},"end":{"line":5,"column":14}},"type":"default-arg","locations":[{"start":{"line":5,"column":10},"end":{"line":5,"column":14}}],"line":5},"1":{"loc":{"start":{"line":6,"column":2},"end":{"line":6,"column":27}},"type":"default-arg","locations":[{"start":{"line":6,"column":11},"end":{"line":6,"column":27}}],"line":6},"2":{"loc":{"start":{"line":7,"column":2},"end":{"line":7,"column":14}},"type":"default-arg","locations":[{"start":{"line":7,"column":12},"end":{"line":7,"column":14}}],"line":7},"3":{"loc":{"start":{"line":24,"column":7},"end":{"line":26,"column":7}},"type":"binary-expr","locations":[{"start":{"line":24,"column":7},"end":{"line":24,"column":14}},{"start":{"line":25,"column":8},"end":{"line":25,"column":68}}],"line":24}},"s":{"0":1,"1":7},"f":{"0":7},"b":{"0":[6],"1":[1],"2":[6],"3":[7,1]},"_coverageSchema":"1a1c01bbd47fc00a2c39e90264f33305004495a9","hash":"080412d7ee44af37f1bfab44ca12cd17a93160d1"}
,"C:\\Users\\lilia\\Desktop\\Proyecto-Veterinaria-EFT\\src\\components\\ui\\Spinner.jsx": {"path":"C:\\Users\\lilia\\Desktop\\Proyecto-Veterinaria-EFT\\src\\components\\ui\\Spinner.jsx","statementMap":{"0":{"start":{"line":3,"column":16},"end":{"line":34,"column":1}},"1":{"start":{"line":6,"column":16},"end":{"line":10,"column":3}},"2":{"start":{"line":12,"column":2},"end":{"line":33,"column":4}}},"fnMap":{"0":{"name":"(anonymous_0)","decl":{"start":{"line":3,"column":16},"end":{"line":3,"column":17}},"loc":{"start":{"line":3,"column":49},"end":{"line":34,"column":1}},"line":3}},"branchMap":{"0":{"loc":{"start":{"line":3,"column":19},"end":{"line":3,"column":30}},"type":"default-arg","locations":[{"start":{"line":3,"column":26},"end":{"line":3,"column":30}}],"line":3},"1":{"loc":{"start":{"line":3,"column":32},"end":{"line":3,"column":42}},"type":"default-arg","locations":[{"start":{"line":3,"column":40},"end":{"line":3,"column":42}}],"line":3},"2":{"loc":{"start":{"line":29,"column":7},"end":{"line":31,"column":7}},"type":"binary-expr","locations":[{"start":{"line":29,"column":7},"end":{"line":29,"column":12}},{"start":{"line":30,"column":8},"end":{"line":30,"column":71}}],"line":29}},"s":{"0":1,"1":7,"2":7},"f":{"0":7},"b":{"0":[5],"1":[6],"2":[7,1]},"_coverageSchema":"1a1c01bbd47fc00a2c39e90264f33305004495a9","hash":"f98bcdc1376f71e2fcc8f3e2f6a626c73b2d894d"}
,"C:\\Users\\lilia\\Desktop\\Proyecto-Veterinaria-EFT\\src\\hooks\\useCitas.js": {"path":"C:\\Users\\lilia\\Desktop\\Proyecto-Veterinaria-EFT\\src\\hooks\\useCitas.js","statementMap":{"0":{"start":{"line":3,"column":12},"end":{"line":3,"column":18}},"1":{"start":{"line":7,"column":18},"end":{"line":13,"column":1}},"2":{"start":{"line":8,"column":2},"end":{"line":8,"column":25}},"3":{"start":{"line":8,"column":13},"end":{"line":8,"column":25}},"4":{"start":{"line":11,"column":2},"end":{"line":11,"column":44}},"5":{"start":{"line":11,"column":32},"end":{"line":11,"column":44}},"6":{"start":{"line":12,"column":2},"end":{"line":12,"column":42}},"7":{"start":{"line":20,"column":24},"end":{"line":69,"column":1}},"8":{"start":{"line":21,"column":28},"end":{"line":21,"column":40}},"9":{"start":{"line":22,"column":32},"end":{"line":22,"column":46}},"10":{"start":{"line":23,"column":28},"end":{"line":23,"column":42}},"11":{"start":{"line":25,"column":2},"end":{"line":66,"column":25}},"12":{"start":{"line":28,"column":23},"end":{"line":28,"column":44}},"13":{"start":{"line":30,"column":23},"end":{"line":59,"column":5}},"14":{"start":{"line":31,"column":6},"end":{"line":58,"column":7}},"15":{"start":{"line":32,"column":8},"end":{"line":32,"column":25}},"16":{"start":{"line":33,"column":8},"end":{"line":33,"column":23}},"17":{"start":{"line":37,"column":25},"end":{"line":37,"column":41}},"18":{"start":{"line":38,"column":20},"end":{"line":40,"column":26}},"19":{"start":{"line":42,"column":20},"end":{"line":42,"column":67}},"20":{"start":{"line":46,"column":8},"end":{"line":46,"column":90}},"21":{"start":{"line":46,"column":21},"end":{"line":46,"column":90}},"22":{"start":{"line":48,"column":21},"end":{"line":48,"column":37}},"23":{"start":{"line":49,"column":8},"end":{"line":49,"column":23}},"24":{"start":{"line":53,"column":8},"end":{"line":55,"column":9}},"25":{"start":{"line":54,"column":10},"end":{"line":54,"column":32}},"26":{"start":{"line":57,"column":8},"end":{"line":57,"column":26}},"27":{"start":{"line":61,"column":4},"end":{"line":61,"column":17}},"28":{"start":{"line":65,"column":4},"end":{"line":65,"column":36}},"29":{"start":{"line":65,"column":17},"end":{"line":65,"column":35}},"30":{"start":{"line":68,"column":2},"end":{"line":68,"column":35}}},"fnMap":{"0":{"name":"(anonymous_0)","decl":{"start":{"line":7,"column":18},"end":{"line":7,"column":19}},"loc":{"start":{"line":7,"column":28},"end":{"line":13,"column":1}},"line":7},"1":{"name":"(anonymous_1)","decl":{"start":{"line":20,"column":24},"end":{"line":20,"column":25}},"loc":{"start":{"line":20,"column":35},"end":{"line":69,"column":1}},"line":20},"2":{"name":"(anonymous_2)","decl":{"start":{"line":25,"column":12},"end":{"line":25,"column":13}},"loc":{"start":{"line":25,"column":18},"end":{"line":66,"column":3}},"line":25},"3":{"name":"(anonymous_3)","decl":{"start":{"line":30,"column":23},"end":{"line":30,"column":24}},"loc":{"start":{"line":30,"column":35},"end":{"line":59,"column":5}},"line":30},"4":{"name":"(anonymous_4)","decl":{"start":{"line":65,"column":11},"end":{"line":65,"column":12}},"loc":{"start":{"line":65,"column":17},"end":{"line":65,"column":35}},"line":65}},"branchMap":{"0":{"loc":{"start":{"line":8,"column":2},"end":{"line":8,"column":25}},"type":"if","locations":[{"start":{"line":8,"column":2},"end":{"line":8,"column":25}},{"start":{},"end":{}}],"line":8},"1":{"loc":{"start":{"line":11,"column":2},"end":{"line":11,"column":44}},"type":"if","locations":[{"start":{"line":11,"column":2},"end":{"line":11,"column":44}},{"start":{},"end":{}}],"line":11},"2":{"loc":{"start":{"line":38,"column":20},"end":{"line":40,"column":26}},"type":"cond-expr","locations":[{"start":{"line":39,"column":12},"end":{"line":39,"column":44}},{"start":{"line":40,"column":12},"end":{"line":40,"column":26}}],"line":38},"3":{"loc":{"start":{"line":46,"column":8},"end":{"line":46,"column":90}},"type":"if","locations":[{"start":{"line":46,"column":8},"end":{"line":46,"column":90}},{"start":{},"end":{}}],"line":46},"4":{"loc":{"start":{"line":53,"column":8},"end":{"line":55,"column":9}},"type":"if","locations":[{"start":{"line":53,"column":8},"end":{"line":55,"column":9}},{"start":{},"end":{}}],"line":53}},"s":{"0":1,"1":1,"2":19,"3":3,"4":16,"5":16,"6":0,"7":1,"8":12,"9":12,"10":12,"11":12,"12":7,"13":7,"14":7,"15":7,"16":7,"17":7,"18":7,"19":7,"20":6,"21":1,"22":5,"23":5,"24":2,"25":2,"26":7,"27":7,"28":7,"29":7,"30":12},"f":{"0":19,"1":12,"2":7,"3":7,"4":7},"b":{"0":[3,16],"1":[16,0],"2":[6,1],"3":[1,5],"4":[2,0]},"_coverageSchema":"1a1c01bbd47fc00a2c39e90264f33305004495a9","hash":"c3c78f8423c2ed5557797f790ce4b7c222a7318d"}
,"C:\\Users\\lilia\\Desktop\\Proyecto-Veterinaria-EFT\\src\\hooks\\useClientes.js": {"path":"C:\\Users\\lilia\\Desktop\\Proyecto-Veterinaria-EFT\\src\\hooks\\useClientes.js","statementMap":{"0":{"start":{"line":3,"column":12},"end":{"line":3,"column":18}},"1":{"start":{"line":7,"column":27},"end":{"line":47,"column":1}},"2":{"start":{"line":8,"column":34},"end":{"line":8,"column":46}},"3":{"start":{"line":9,"column":32},"end":{"line":9,"column":46}},"4":{"start":{"line":10,"column":28},"end":{"line":10,"column":42}},"5":{"start":{"line":12,"column":2},"end":{"line":44,"column":9}},"6":{"start":{"line":15,"column":23},"end":{"line":15,"column":44}},"7":{"start":{"line":17,"column":26},"end":{"line":39,"column":5}},"8":{"start":{"line":18,"column":6},"end":{"line":38,"column":7}},"9":{"start":{"line":19,"column":8},"end":{"line":19,"column":25}},"10":{"start":{"line":20,"column":8},"end":{"line":20,"column":23}},"11":{"start":{"line":22,"column":20},"end":{"line":24,"column":10}},"12":{"start":{"line":26,"column":8},"end":{"line":26,"column":93}},"13":{"start":{"line":26,"column":21},"end":{"line":26,"column":93}},"14":{"start":{"line":28,"column":21},"end":{"line":28,"column":37}},"15":{"start":{"line":29,"column":8},"end":{"line":29,"column":26}},"16":{"start":{"line":33,"column":8},"end":{"line":35,"column":9}},"17":{"start":{"line":34,"column":10},"end":{"line":34,"column":32}},"18":{"start":{"line":37,"column":8},"end":{"line":37,"column":26}},"19":{"start":{"line":41,"column":4},"end":{"line":41,"column":20}},"20":{"start":{"line":43,"column":4},"end":{"line":43,"column":36}},"21":{"start":{"line":43,"column":17},"end":{"line":43,"column":35}},"22":{"start":{"line":46,"column":2},"end":{"line":46,"column":38}},"23":{"start":{"line":51,"column":33},"end":{"line":91,"column":1}},"24":{"start":{"line":52,"column":32},"end":{"line":52,"column":46}},"25":{"start":{"line":53,"column":32},"end":{"line":53,"column":46}},"26":{"start":{"line":54,"column":28},"end":{"line":54,"column":42}},"27":{"start":{"line":56,"column":2},"end":{"line":88,"column":11}},"28":{"start":{"line":58,"column":4},"end":{"line":58,"column":20}},"29":{"start":{"line":58,"column":13},"end":{"line":58,"column":20}},"30":{"start":{"line":60,"column":23},"end":{"line":60,"column":44}},"31":{"start":{"line":62,"column":25},"end":{"line":83,"column":5}},"32":{"start":{"line":63,"column":6},"end":{"line":82,"column":7}},"33":{"start":{"line":64,"column":8},"end":{"line":64,"column":25}},"34":{"start":{"line":65,"column":8},"end":{"line":65,"column":23}},"35":{"start":{"line":67,"column":20},"end":{"line":69,"column":10}},"36":{"start":{"line":71,"column":8},"end":{"line":71,"column":83}},"37":{"start":{"line":71,"column":21},"end":{"line":71,"column":83}},"38":{"start":{"line":73,"column":21},"end":{"line":73,"column":37}},"39":{"start":{"line":74,"column":8},"end":{"line":74,"column":25}},"40":{"start":{"line":77,"column":8},"end":{"line":79,"column":9}},"41":{"start":{"line":78,"column":10},"end":{"line":78,"column":32}},"42":{"start":{"line":81,"column":8},"end":{"line":81,"column":26}},"43":{"start":{"line":85,"column":4},"end":{"line":85,"column":19}},"44":{"start":{"line":87,"column":4},"end":{"line":87,"column":36}},"45":{"start":{"line":87,"column":17},"end":{"line":87,"column":35}},"46":{"start":{"line":90,"column":2},"end":{"line":90,"column":37}}},"fnMap":{"0":{"name":"(anonymous_0)","decl":{"start":{"line":7,"column":27},"end":{"line":7,"column":28}},"loc":{"start":{"line":7,"column":33},"end":{"line":47,"column":1}},"line":7},"1":{"name":"(anonymous_1)","decl":{"start":{"line":12,"column":12},"end":{"line":12,"column":13}},"loc":{"start":{"line":12,"column":18},"end":{"line":44,"column":3}},"line":12},"2":{"name":"(anonymous_2)","decl":{"start":{"line":17,"column":26},"end":{"line":17,"column":27}},"loc":{"start":{"line":17,"column":38},"end":{"line":39,"column":5}},"line":17},"3":{"name":"(anonymous_3)","decl":{"start":{"line":43,"column":11},"end":{"line":43,"column":12}},"loc":{"start":{"line":43,"column":17},"end":{"line":43,"column":35}},"line":43},"4":{"name":"(anonymous_4)","decl":{"start":{"line":51,"column":33},"end":{"line":51,"column":34}},"loc":{"start":{"line":51,"column":41},"end":{"line":91,"column":1}},"line":51},"5":{"name":"(anonymous_5)","decl":{"start":{"line":56,"column":12},"end":{"line":56,"column":13}},"loc":{"start":{"line":56,"column":18},"end":{"line":88,"column":3}},"line":56},"6":{"name":"(anonymous_6)","decl":{"start":{"line":62,"column":25},"end":{"line":62,"column":26}},"loc":{"start":{"line":62,"column":37},"end":{"line":83,"column":5}},"line":62},"7":{"name":"(anonymous_7)","decl":{"start":{"line":87,"column":11},"end":{"line":87,"column":12}},"loc":{"start":{"line":87,"column":17},"end":{"line":87,"column":35}},"line":87}},"branchMap":{"0":{"loc":{"start":{"line":26,"column":8},"end":{"line":26,"column":93}},"type":"if","locations":[{"start":{"line":26,"column":8},"end":{"line":26,"column":93}},{"start":{},"end":{}}],"line":26},"1":{"loc":{"start":{"line":33,"column":8},"end":{"line":35,"column":9}},"type":"if","locations":[{"start":{"line":33,"column":8},"end":{"line":35,"column":9}},{"start":{},"end":{}}],"line":33},"2":{"loc":{"start":{"line":58,"column":4},"end":{"line":58,"column":20}},"type":"if","locations":[{"start":{"line":58,"column":4},"end":{"line":58,"column":20}},{"start":{},"end":{}}],"line":58},"3":{"loc":{"start":{"line":71,"column":8},"end":{"line":71,"column":83}},"type":"if","locations":[{"start":{"line":71,"column":8},"end":{"line":71,"column":83}},{"start":{},"end":{}}],"line":71},"4":{"loc":{"start":{"line":77,"column":8},"end":{"line":79,"column":9}},"type":"if","locations":[{"start":{"line":77,"column":8},"end":{"line":79,"column":9}},{"start":{},"end":{}}],"line":77}},"s":{"0":1,"1":1,"2":8,"3":8,"4":8,"5":8,"6":5,"7":5,"8":5,"9":5,"10":5,"11":5,"12":4,"13":1,"14":3,"15":3,"16":2,"17":2,"18":5,"19":5,"20":5,"21":5,"22":8,"23":1,"24":7,"25":7,"26":7,"27":7,"28":5,"29":1,"30":4,"31":4,"32":4,"33":4,"34":4,"35":4,"36":4,"37":1,"38":3,"39":3,"40":1,"41":1,"42":4,"43":4,"44":4,"45":4,"46":7},"f":{"0":8,"1":5,"2":5,"3":5,"4":7,"5":5,"6":4,"7":4},"b":{"0":[1,3],"1":[2,0],"2":[1,4],"3":[1,3],"4":[1,0]},"_coverageSchema":"1a1c01bbd47fc00a2c39e90264f33305004495a9","hash":"bbed130878a00ea60739e6cbeb713401f7a1abf6"}
,"C:\\Users\\lilia\\Desktop\\Proyecto-Veterinaria-EFT\\src\\store\\slices\\citasSlice.js": {"path":"C:\\Users\\lilia\\Desktop\\Proyecto-Veterinaria-EFT\\src\\store\\slices\\citasSlice.js","statementMap":{"0":{"start":{"line":6,"column":26},"end":{"line":15,"column":1}},"1":{"start":{"line":9,"column":4},"end":{"line":13,"column":5}},"2":{"start":{"line":10,"column":6},"end":{"line":10,"column":43}},"3":{"start":{"line":12,"column":6},"end":{"line":12,"column":42}},"4":{"start":{"line":19,"column":19},"end":{"line":58,"column":2}},"5":{"start":{"line":31,"column":6},"end":{"line":31,"column":35}},"6":{"start":{"line":36,"column":6},"end":{"line":36,"column":24}},"7":{"start":{"line":37,"column":6},"end":{"line":37,"column":26}},"8":{"start":{"line":41,"column":4},"end":{"line":56,"column":9}},"9":{"start":{"line":44,"column":8},"end":{"line":44,"column":29}},"10":{"start":{"line":45,"column":8},"end":{"line":45,"column":29}},"11":{"start":{"line":49,"column":8},"end":{"line":49,"column":30}},"12":{"start":{"line":50,"column":8},"end":{"line":50,"column":39}},"13":{"start":{"line":54,"column":8},"end":{"line":54,"column":30}},"14":{"start":{"line":55,"column":8},"end":{"line":55,"column":39}},"15":{"start":{"line":60,"column":42},"end":{"line":60,"column":60}},"16":{"start":{"line":63,"column":29},"end":{"line":63,"column":57}},"17":{"start":{"line":63,"column":40},"end":{"line":63,"column":57}},"18":{"start":{"line":64,"column":29},"end":{"line":64,"column":57}},"19":{"start":{"line":64,"column":40},"end":{"line":64,"column":57}},"20":{"start":{"line":65,"column":29},"end":{"line":65,"column":59}},"21":{"start":{"line":65,"column":40},"end":{"line":65,"column":59}},"22":{"start":{"line":66,"column":29},"end":{"line":66,"column":57}},"23":{"start":{"line":66,"column":40},"end":{"line":66,"column":57}}},"fnMap":{"0":{"name":"(anonymous_0)","decl":{"start":{"line":8,"column":2},"end":{"line":8,"column":3}},"loc":{"start":{"line":8,"column":40},"end":{"line":14,"column":3}},"line":8},"1":{"name":"(anonymous_1)","decl":{"start":{"line":30,"column":4},"end":{"line":30,"column":5}},"loc":{"start":{"line":30,"column":28},"end":{"line":32,"column":5}},"line":30},"2":{"name":"(anonymous_2)","decl":{"start":{"line":35,"column":4},"end":{"line":35,"column":5}},"loc":{"start":{"line":35,"column":24},"end":{"line":38,"column":5}},"line":35},"3":{"name":"(anonymous_3)","decl":{"start":{"line":40,"column":17},"end":{"line":40,"column":18}},"loc":{"start":{"line":40,"column":30},"end":{"line":57,"column":3}},"line":40},"4":{"name":"(anonymous_4)","decl":{"start":{"line":43,"column":35},"end":{"line":43,"column":36}},"loc":{"start":{"line":43,"column":46},"end":{"line":46,"column":7}},"line":43},"5":{"name":"(anonymous_5)","decl":{"start":{"line":48,"column":37},"end":{"line":48,"column":38}},"loc":{"start":{"line":48,"column":56},"end":{"line":51,"column":7}},"line":48},"6":{"name":"(anonymous_6)","decl":{"start":{"line":53,"column":36},"end":{"line":53,"column":37}},"loc":{"start":{"line":53,"column":55},"end":{"line":56,"column":7}},"line":53},"7":{"name":"(anonymous_7)","decl":{"start":{"line":63,"column":29},"end":{"line":63,"column":30}},"loc":{"start":{"line":63,"column":40},"end":{"line":63,"column":57}},"line":63},"8":{"name":"(anonymous_8)","decl":{"start":{"line":64,"column":29},"end":{"line":64,"column":30}},"loc":{"start":{"line":64,"column":40},"end":{"line":64,"column":57}},"line":64},"9":{"name":"(anonymous_9)","decl":{"start":{"line":65,"column":29},"end":{"line":65,"column":30}},"loc":{"start":{"line":65,"column":40},"end":{"line":65,"column":59}},"line":65},"10":{"name":"(anonymous_10)","decl":{"start":{"line":66,"column":29},"end":{"line":66,"column":30}},"loc":{"start":{"line":66,"column":40},"end":{"line":66,"column":57}},"line":66}},"branchMap":{},"s":{"0":1,"1":0,"2":0,"3":0,"4":1,"5":1,"6":1,"7":1,"8":1,"9":1,"10":1,"11":1,"12":1,"13":1,"14":1,"15":1,"16":1,"17":1,"18":1,"19":1,"20":1,"21":1,"22":1,"23":1},"f":{"0":0,"1":1,"2":1,"3":1,"4":1,"5":1,"6":1,"7":1,"8":1,"9":1,"10":1},"b":{},"_coverageSchema":"1a1c01bbd47fc00a2c39e90264f33305004495a9","hash":"ff77df1cfe2eb6dee92699a76d5cee31189bfd23"}
,"C:\\Users\\lilia\\Desktop\\Proyecto-Veterinaria-EFT\\src\\store\\slices\\clientesSlice.js": {"path":"C:\\Users\\lilia\\Desktop\\Proyecto-Veterinaria-EFT\\src\\store\\slices\\clientesSlice.js","statementMap":{"0":{"start":{"line":6,"column":29},"end":{"line":15,"column":1}},"1":{"start":{"line":9,"column":4},"end":{"line":13,"column":5}},"2":{"start":{"line":10,"column":6},"end":{"line":10,"column":33}},"3":{"start":{"line":12,"column":6},"end":{"line":12,"column":42}},"4":{"start":{"line":19,"column":33},"end":{"line":28,"column":1}},"5":{"start":{"line":22,"column":4},"end":{"line":26,"column":5}},"6":{"start":{"line":23,"column":6},"end":{"line":23,"column":39}},"7":{"start":{"line":25,"column":6},"end":{"line":25,"column":42}},"8":{"start":{"line":33,"column":22},"end":{"line":83,"column":2}},"9":{"start":{"line":45,"column":6},"end":{"line":45,"column":27}},"10":{"start":{"line":46,"column":6},"end":{"line":46,"column":27}},"11":{"start":{"line":50,"column":4},"end":{"line":81,"column":9}},"12":{"start":{"line":53,"column":8},"end":{"line":53,"column":29}},"13":{"start":{"line":54,"column":8},"end":{"line":54,"column":29}},"14":{"start":{"line":58,"column":8},"end":{"line":58,"column":30}},"15":{"start":{"line":59,"column":8},"end":{"line":59,"column":39}},"16":{"start":{"line":63,"column":8},"end":{"line":63,"column":30}},"17":{"start":{"line":64,"column":8},"end":{"line":64,"column":39}},"18":{"start":{"line":69,"column":8},"end":{"line":69,"column":29}},"19":{"start":{"line":70,"column":8},"end":{"line":70,"column":29}},"20":{"start":{"line":74,"column":8},"end":{"line":74,"column":30}},"21":{"start":{"line":75,"column":8},"end":{"line":75,"column":39}},"22":{"start":{"line":79,"column":8},"end":{"line":79,"column":30}},"23":{"start":{"line":80,"column":8},"end":{"line":80,"column":39}},"24":{"start":{"line":85,"column":34},"end":{"line":85,"column":55}},"25":{"start":{"line":88,"column":36},"end":{"line":88,"column":67}},"26":{"start":{"line":88,"column":47},"end":{"line":88,"column":67}},"27":{"start":{"line":89,"column":36},"end":{"line":89,"column":69}},"28":{"start":{"line":89,"column":47},"end":{"line":89,"column":69}},"29":{"start":{"line":90,"column":36},"end":{"line":90,"column":69}},"30":{"start":{"line":90,"column":47},"end":{"line":90,"column":69}},"31":{"start":{"line":91,"column":36},"end":{"line":91,"column":67}},"32":{"start":{"line":91,"column":47},"end":{"line":91,"column":67}}},"fnMap":{"0":{"name":"(anonymous_0)","decl":{"start":{"line":8,"column":2},"end":{"line":8,"column":3}},"loc":{"start":{"line":8,"column":36},"end":{"line":14,"column":3}},"line":8},"1":{"name":"(anonymous_1)","decl":{"start":{"line":21,"column":2},"end":{"line":21,"column":3}},"loc":{"start":{"line":21,"column":37},"end":{"line":27,"column":3}},"line":21},"2":{"name":"(anonymous_2)","decl":{"start":{"line":44,"column":4},"end":{"line":44,"column":5}},"loc":{"start":{"line":44,"column":26},"end":{"line":47,"column":5}},"line":44},"3":{"name":"(anonymous_3)","decl":{"start":{"line":49,"column":17},"end":{"line":49,"column":18}},"loc":{"start":{"line":49,"column":30},"end":{"line":82,"column":3}},"line":49},"4":{"name":"(anonymous_4)","decl":{"start":{"line":52,"column":38},"end":{"line":52,"column":39}},"loc":{"start":{"line":52,"column":49},"end":{"line":55,"column":7}},"line":52},"5":{"name":"(anonymous_5)","decl":{"start":{"line":57,"column":40},"end":{"line":57,"column":41}},"loc":{"start":{"line":57,"column":59},"end":{"line":60,"column":7}},"line":57},"6":{"name":"(anonymous_6)","decl":{"start":{"line":62,"column":39},"end":{"line":62,"column":40}},"loc":{"start":{"line":62,"column":58},"end":{"line":65,"column":7}},"line":62},"7":{"name":"(anonymous_7)","decl":{"start":{"line":68,"column":42},"end":{"line":68,"column":43}},"loc":{"start":{"line":68,"column":53},"end":{"line":71,"column":7}},"line":68},"8":{"name":"(anonymous_8)","decl":{"start":{"line":73,"column":44},"end":{"line":73,"column":45}},"loc":{"start":{"line":73,"column":63},"end":{"line":76,"column":7}},"line":73},"9":{"name":"(anonymous_9)","decl":{"start":{"line":78,"column":43},"end":{"line":78,"column":44}},"loc":{"start":{"line":78,"column":62},"end":{"line":81,"column":7}},"line":78},"10":{"name":"(anonymous_10)","decl":{"start":{"line":88,"column":36},"end":{"line":88,"column":37}},"loc":{"start":{"line":88,"column":47},"end":{"line":88,"column":67}},"line":88},"11":{"name":"(anonymous_11)","decl":{"start":{"line":89,"column":36},"end":{"line":89,"column":37}},"loc":{"start":{"line":89,"column":47},"end":{"line":89,"column":69}},"line":89},"12":{"name":"(anonymous_12)","decl":{"start":{"line":90,"column":36},"end":{"line":90,"column":37}},"loc":{"start":{"line":90,"column":47},"end":{"line":90,"column":69}},"line":90},"13":{"name":"(anonymous_13)","decl":{"start":{"line":91,"column":36},"end":{"line":91,"column":37}},"loc":{"start":{"line":91,"column":47},"end":{"line":91,"column":67}},"line":91}},"branchMap":{},"s":{"0":1,"1":0,"2":0,"3":0,"4":1,"5":0,"6":0,"7":0,"8":1,"9":1,"10":1,"11":1,"12":1,"13":1,"14":1,"15":1,"16":1,"17":1,"18":1,"19":1,"20":1,"21":1,"22":1,"23":1,"24":1,"25":1,"26":1,"27":1,"28":1,"29":1,"30":1,"31":1,"32":1},"f":{"0":0,"1":0,"2":1,"3":1,"4":1,"5":1,"6":1,"7":1,"8":1,"9":1,"10":1,"11":1,"12":1,"13":1},"b":{},"_coverageSchema":"1a1c01bbd47fc00a2c39e90264f33305004495a9","hash":"9cb2afcbce48359ed8bf625988fdeae2bd608637"}
,"C:\\Users\\lilia\\Desktop\\Proyecto-Veterinaria-EFT\\src\\utils\\constants.js": {"path":"C:\\Users\\lilia\\Desktop\\Proyecto-Veterinaria-EFT\\src\\utils\\constants.js","statementMap":{"0":{"start":{"line":2,"column":28},"end":{"line":2,"column":34}},"1":{"start":{"line":3,"column":28},"end":{"line":3,"column":53}},"2":{"start":{"line":8,"column":33},"end":{"line":8,"column":34}},"3":{"start":{"line":11,"column":28},"end":{"line":16,"column":1}},"4":{"start":{"line":19,"column":30},"end":{"line":24,"column":1}},"5":{"start":{"line":27,"column":29},"end":{"line":32,"column":1}},"6":{"start":{"line":35,"column":24},"end":{"line":35,"column":76}},"7":{"start":{"line":38,"column":29},"end":{"line":45,"column":1}},"8":{"start":{"line":48,"column":21},"end":{"line":53,"column":1}},"9":{"start":{"line":56,"column":22},"end":{"line":64,"column":1}}},"fnMap":{},"branchMap":{},"s":{"0":3,"1":3,"2":3,"3":3,"4":3,"5":3,"6":3,"7":3,"8":3,"9":3},"f":{},"b":{},"_coverageSchema":"1a1c01bbd47fc00a2c39e90264f33305004495a9","hash":"b652072bb639f28d7d06c2be02103ca67bf0b852"}
,"C:\\Users\\lilia\\Desktop\\Proyecto-Veterinaria-EFT\\src\\utils\\formatDate.js": {"path":"C:\\Users\\lilia\\Desktop\\Proyecto-Veterinaria-EFT\\src\\utils\\formatDate.js","statementMap":{"0":{"start":{"line":2,"column":15},"end":{"line":2,"column":22}},"1":{"start":{"line":6,"column":27},"end":{"line":16,"column":1}},"2":{"start":{"line":7,"column":2},"end":{"line":7,"column":27}},"3":{"start":{"line":7,"column":17},"end":{"line":7,"column":27}},"4":{"start":{"line":9,"column":15},"end":{"line":9,"column":47}},"5":{"start":{"line":10,"column":2},"end":{"line":15,"column":5}},"6":{"start":{"line":20,"column":32},"end":{"line":24,"column":1}},"7":{"start":{"line":21,"column":2},"end":{"line":21,"column":27}},"8":{"start":{"line":21,"column":17},"end":{"line":21,"column":27}},"9":{"start":{"line":22,"column":15},"end":{"line":22,"column":47}},"10":{"start":{"line":23,"column":2},"end":{"line":23,"column":41}},"11":{"start":{"line":28,"column":26},"end":{"line":38,"column":1}},"12":{"start":{"line":29,"column":2},"end":{"line":29,"column":23}},"13":{"start":{"line":29,"column":13},"end":{"line":29,"column":23}},"14":{"start":{"line":30,"column":19},"end":{"line":30,"column":34}},"15":{"start":{"line":31,"column":15},"end":{"line":31,"column":25}},"16":{"start":{"line":32,"column":2},"end":{"line":32,"column":40}},"17":{"start":{"line":33,"column":2},"end":{"line":37,"column":5}},"18":{"start":{"line":42,"column":25},"end":{"line":49,"column":1}},"19":{"start":{"line":43,"column":2},"end":{"line":43,"column":25}},"20":{"start":{"line":43,"column":13},"end":{"line":43,"column":25}},"21":{"start":{"line":44,"column":2},"end":{"line":44,"column":44}},"22":{"start":{"line":44,"column":32},"end":{"line":44,"column":44}},"23":{"start":{"line":45,"column":12},"end":{"line":45,"column":30}},"24":{"start":{"line":46,"column":12},"end":{"line":46,"column":56}},"25":{"start":{"line":47,"column":12},"end":{"line":47,"column":51}},"26":{"start":{"line":48,"column":2},"end":{"line":48,"column":26}},"27":{"start":{"line":53,"column":19},"end":{"line":53,"column":46}},"28":{"start":{"line":53,"column":25},"end":{"line":53,"column":46}},"29":{"start":{"line":57,"column":26},"end":{"line":60,"column":1}},"30":{"start":{"line":58,"column":2},"end":{"line":58,"column":53}},"31":{"start":{"line":58,"column":43},"end":{"line":58,"column":53}},"32":{"start":{"line":59,"column":2},"end":{"line":59,"column":47}},"33":{"start":{"line":64,"column":26},"end":{"line":67,"column":1}},"34":{"start":{"line":65,"column":2},"end":{"line":65,"column":62}},"35":{"start":{"line":65,"column":39},"end":{"line":65,"column":62}},"36":{"start":{"line":66,"column":2},"end":{"line":66,"column":20}}},"fnMap":{"0":{"name":"(anonymous_0)","decl":{"start":{"line":6,"column":27},"end":{"line":6,"column":28}},"loc":{"start":{"line":6,"column":41},"end":{"line":16,"column":1}},"line":6},"1":{"name":"(anonymous_1)","decl":{"start":{"line":20,"column":32},"end":{"line":20,"column":33}},"loc":{"start":{"line":20,"column":46},"end":{"line":24,"column":1}},"line":20},"2":{"name":"(anonymous_2)","decl":{"start":{"line":28,"column":26},"end":{"line":28,"column":27}},"loc":{"start":{"line":28,"column":36},"end":{"line":38,"column":1}},"line":28},"3":{"name":"(anonymous_3)","decl":{"start":{"line":42,"column":25},"end":{"line":42,"column":26}},"loc":{"start":{"line":42,"column":35},"end":{"line":49,"column":1}},"line":42},"4":{"name":"(anonymous_4)","decl":{"start":{"line":53,"column":19},"end":{"line":53,"column":20}},"loc":{"start":{"line":53,"column":25},"end":{"line":53,"column":46}},"line":53},"5":{"name":"(anonymous_5)","decl":{"start":{"line":57,"column":26},"end":{"line":57,"column":27}},"loc":{"start":{"line":57,"column":36},"end":{"line":60,"column":1}},"line":57},"6":{"name":"(anonymous_6)","decl":{"start":{"line":64,"column":26},"end":{"line":64,"column":27}},"loc":{"start":{"line":64,"column":34},"end":{"line":67,"column":1}},"line":64}},"branchMap":{"0":{"loc":{"start":{"line":7,"column":2},"end":{"line":7,"column":27}},"type":"if","locations":[{"start":{"line":7,"column":2},"end":{"line":7,"column":27}},{"start":{},"end":{}}],"line":7},"1":{"loc":{"start":{"line":21,"column":2},"end":{"line":21,"column":27}},"type":"if","locations":[{"start":{"line":21,"column":2},"end":{"line":21,"column":27}},{"start":{},"end":{}}],"line":21},"2":{"loc":{"start":{"line":29,"column":2},"end":{"line":29,"column":23}},"type":"if","locations":[{"start":{"line":29,"column":2},"end":{"line":29,"column":23}},{"start":{},"end":{}}],"line":29},"3":{"loc":{"start":{"line":43,"column":2},"end":{"line":43,"column":25}},"type":"if","locations":[{"start":{"line":43,"column":2},"end":{"line":43,"column":25}},{"start":{},"end":{}}],"line":43},"4":{"loc":{"start":{"line":44,"column":2},"end":{"line":44,"column":44}},"type":"if","locations":[{"start":{"line":44,"column":2},"end":{"line":44,"column":44}},{"start":{},"end":{}}],"line":44},"5":{"loc":{"start":{"line":58,"column":2},"end":{"line":58,"column":53}},"type":"if","locations":[{"start":{"line":58,"column":2},"end":{"line":58,"column":53}},{"start":{},"end":{}}],"line":58},"6":{"loc":{"start":{"line":58,"column":6},"end":{"line":58,"column":41}},"type":"binary-expr","locations":[{"start":{"line":58,"column":6},"end":{"line":58,"column":24}},{"start":{"line":58,"column":28},"end":{"line":58,"column":41}}],"line":58},"7":{"loc":{"start":{"line":59,"column":9},"end":{"line":59,"column":46}},"type":"cond-expr","locations":[{"start":{"line":59,"column":22},"end":{"line":59,"column":29}},{"start":{"line":59,"column":32},"end":{"line":59,"column":46}}],"line":59},"8":{"loc":{"start":{"line":65,"column":2},"end":{"line":65,"column":62}},"type":"if","locations":[{"start":{"line":65,"column":2},"end":{"line":65,"column":62}},{"start":{},"end":{}}],"line":65},"9":{"loc":{"start":{"line":65,"column":6},"end":{"line":65,"column":37}},"type":"binary-expr","locations":[{"start":{"line":65,"column":6},"end":{"line":65,"column":17}},{"start":{"line":65,"column":21},"end":{"line":65,"column":37}}],"line":65}},"s":{"0":2,"1":2,"2":5,"3":3,"4":2,"5":2,"6":2,"7":3,"8":2,"9":1,"10":1,"11":2,"12":23,"13":3,"14":20,"15":20,"16":20,"17":20,"18":2,"19":8,"20":2,"21":6,"22":1,"23":5,"24":5,"25":5,"26":5,"27":2,"28":2,"29":2,"30":6,"31":2,"32":4,"33":2,"34":4,"35":2,"36":2},"f":{"0":5,"1":3,"2":23,"3":8,"4":2,"5":6,"6":4},"b":{"0":[3,2],"1":[2,1],"2":[3,20],"3":[2,6],"4":[1,5],"5":[2,4],"6":[6,5],"7":[1,3],"8":[2,2],"9":[4,3]},"_coverageSchema":"1a1c01bbd47fc00a2c39e90264f33305004495a9","hash":"2ec862010215d9e542af18f675cb240de83253ef"}
}
