{"C:\\Users\\lilia\\Desktop\\Proyecto-Veterinaria-EFT\\src\\components\\citas\\CitaCard.jsx": {"path":"C:\\Users\\lilia\\Desktop\\Proyecto-Veterinaria-EFT\\src\\components\\citas\\CitaCard.jsx","statementMap":{"0":{"start":{"line":13,"column":17},"end":{"line":95,"column":1}},"1":{"start":{"line":14,"column":23},"end":{"line":14,"column":67}},"2":{"start":{"line":16,"column":2},"end":{"line":94,"column":4}}},"fnMap":{"0":{"name":"(anonymous_0)","decl":{"start":{"line":13,"column":17},"end":{"line":13,"column":18}},"loc":{"start":{"line":13,"column":31},"end":{"line":95,"column":1}},"line":13}},"branchMap":{"0":{"loc":{"start":{"line":14,"column":23},"end":{"line":14,"column":67}},"type":"binary-expr","locations":[{"start":{"line":14,"column":23},"end":{"line":14,"column":59}},{"start":{"line":14,"column":63},"end":{"line":14,"column":67}}],"line":14},"1":{"loc":{"start":{"line":39,"column":13},"end":{"line":39,"column":40}},"type":"binary-expr","locations":[{"start":{"line":39,"column":13},"end":{"line":39,"column":33}},{"start":{"line":39,"column":37},"end":{"line":39,"column":40}}],"line":39},"2":{"loc":{"start":{"line":43,"column":13},"end":{"line":43,"column":64}},"type":"cond-expr","locations":[{"start":{"line":43,"column":34},"end":{"line":43,"column":59}},{"start":{"line":43,"column":62},"end":{"line":43,"column":64}}],"line":43},"3":{"loc":{"start":{"line":54,"column":13},"end":{"line":54,"column":40}},"type":"binary-expr","locations":[{"start":{"line":54,"column":13},"end":{"line":54,"column":33}},{"start":{"line":54,"column":37},"end":{"line":54,"column":40}}],"line":54},"4":{"loc":{"start":{"line":68,"column":13},"end":{"line":68,"column":44}},"type":"binary-expr","locations":[{"start":{"line":68,"column":13},"end":{"line":68,"column":37}},{"start":{"line":68,"column":41},"end":{"line":68,"column":44}}],"line":68},"5":{"loc":{"start":{"line":77,"column":7},"end":{"line":85,"column":7}},"type":"binary-expr","locations":[{"start":{"line":77,"column":7},"end":{"line":77,"column":18}},{"start":{"line":78,"column":8},"end":{"line":84,"column":11}}],"line":77},"6":{"loc":{"start":{"line":88,"column":7},"end":{"line":92,"column":7}},"type":"binary-expr","locations":[{"start":{"line":88,"column":7},"end":{"line":88,"column":17}},{"start":{"line":89,"column":8},"end":{"line":91,"column":12}}],"line":88}},"s":{"0":1,"1":17,"2":17},"f":{"0":17},"b":{"0":[17,2],"1":[17,1],"2":[10,7],"3":[17,0],"4":[17,0],"5":[17,10],"6":[17,10]},"_coverageSchema":"1a1c01bbd47fc00a2c39e90264f33305004495a9","hash":"82c938fef7d22e75cde1584480ca90ca6e240d50"}
,"C:\\Users\\lilia\\Desktop\\Proyecto-Veterinaria-EFT\\src\\components\\citas\\FiltroFecha.jsx": {"path":"C:\\Users\\lilia\\Desktop\\Proyecto-Veterinaria-EFT\\src\\components\\citas\\FiltroFecha.jsx","statementMap":{"0":{"start":{"line":12,"column":20},"end":{"line":70,"column":1}},"1":{"start":{"line":13,"column":19},"end":{"line":13,"column":24}},"2":{"start":{"line":15,"column":23},"end":{"line":17,"column":3}},"3":{"start":{"line":16,"column":4},"end":{"line":16,"column":29}},"4":{"start":{"line":19,"column":17},"end":{"line":21,"column":3}},"5":{"start":{"line":20,"column":4},"end":{"line":20,"column":23}},"6":{"start":{"line":23,"column":2},"end":{"line":69,"column":4}}},"fnMap":{"0":{"name":"(anonymous_0)","decl":{"start":{"line":12,"column":20},"end":{"line":12,"column":21}},"loc":{"start":{"line":12,"column":45},"end":{"line":70,"column":1}},"line":12},"1":{"name":"(anonymous_1)","decl":{"start":{"line":15,"column":23},"end":{"line":15,"column":24}},"loc":{"start":{"line":15,"column":30},"end":{"line":17,"column":3}},"line":15},"2":{"name":"(anonymous_2)","decl":{"start":{"line":19,"column":17},"end":{"line":19,"column":18}},"loc":{"start":{"line":19,"column":23},"end":{"line":21,"column":3}},"line":19}},"branchMap":{"0":{"loc":{"start":{"line":59,"column":7},"end":{"line":67,"column":7}},"type":"binary-expr","locations":[{"start":{"line":59,"column":7},"end":{"line":59,"column":25}},{"start":{"line":60,"column":8},"end":{"line":66,"column":17}}],"line":59}},"s":{"0":1,"1":10,"2":10,"3":1,"4":10,"5":1,"6":10},"f":{"0":10,"1":1,"2":1},"b":{"0":[10,3]},"_coverageSchema":"1a1c01bbd47fc00a2c39e90264f33305004495a9","hash":"ea0935f8351697f18b8985ed04c55315a22f518b"}
,"C:\\Users\\lilia\\Desktop\\Proyecto-Veterinaria-EFT\\src\\components\\clientes\\ClienteCard.jsx": {"path":"C:\\Users\\lilia\\Desktop\\Proyecto-Veterinaria-EFT\\src\\components\\clientes\\ClienteCard.jsx","statementMap":{"0":{"start":{"line":13,"column":20},"end":{"line":78,"column":1}},"1":{"start":{"line":14,"column":19},"end":{"line":14,"column":32}},"2":{"start":{"line":16,"column":22},"end":{"line":18,"column":3}},"3":{"start":{"line":17,"column":4},"end":{"line":17,"column":48}},"4":{"start":{"line":20,"column":2},"end":{"line":77,"column":4}},"5":{"start":{"line":59,"column":12},"end":{"line":65,"column":19}}},"fnMap":{"0":{"name":"(anonymous_0)","decl":{"start":{"line":13,"column":20},"end":{"line":13,"column":21}},"loc":{"start":{"line":13,"column":37},"end":{"line":78,"column":1}},"line":13},"1":{"name":"(anonymous_1)","decl":{"start":{"line":16,"column":22},"end":{"line":16,"column":23}},"loc":{"start":{"line":16,"column":28},"end":{"line":18,"column":3}},"line":16},"2":{"name":"(anonymous_2)","decl":{"start":{"line":58,"column":32},"end":{"line":58,"column":33}},"loc":{"start":{"line":59,"column":12},"end":{"line":65,"column":19}},"line":59}},"branchMap":{"0":{"loc":{"start":{"line":36,"column":11},"end":{"line":36,"column":40}},"type":"binary-expr","locations":[{"start":{"line":36,"column":11},"end":{"line":36,"column":35}},{"start":{"line":36,"column":39},"end":{"line":36,"column":40}}],"line":36},"1":{"loc":{"start":{"line":37,"column":11},"end":{"line":37,"column":66}},"type":"cond-expr","locations":[{"start":{"line":37,"column":44},"end":{"line":37,"column":53}},{"start":{"line":37,"column":56},"end":{"line":37,"column":66}}],"line":37},"2":{"loc":{"start":{"line":56,"column":7},"end":{"line":68,"column":7}},"type":"binary-expr","locations":[{"start":{"line":56,"column":7},"end":{"line":56,"column":35}},{"start":{"line":57,"column":8},"end":{"line":67,"column":14}}],"line":56},"3":{"loc":{"start":{"line":63,"column":40},"end":{"line":63,"column":72}},"type":"binary-expr","locations":[{"start":{"line":63,"column":40},"end":{"line":63,"column":64}},{"start":{"line":63,"column":68},"end":{"line":63,"column":72}}],"line":63}},"s":{"0":1,"1":13,"2":13,"3":1,"4":13,"5":21},"f":{"0":13,"1":1,"2":21},"b":{"0":[13,0],"1":[1,12],"2":[13,11],"3":[21,0]},"_coverageSchema":"1a1c01bbd47fc00a2c39e90264f33305004495a9","hash":"b6517cfddad78a96000372c3871aba6ff00ae90f"}
,"C:\\Users\\lilia\\Desktop\\Proyecto-Veterinaria-EFT\\src\\components\\mascotas\\MascotaDetalle.jsx": {"path":"C:\\Users\\lilia\\Desktop\\Proyecto-Veterinaria-EFT\\src\\components\\mascotas\\MascotaDetalle.jsx","statementMap":{"0":{"start":{"line":17,"column":23},"end":{"line":53,"column":1}},"1":{"start":{"line":18,"column":19},"end":{"line":18,"column":32}},"2":{"start":{"line":20,"column":2},"end":{"line":20,"column":62}},"3":{"start":{"line":20,"column":15},"end":{"line":20,"column":62}},"4":{"start":{"line":22,"column":2},"end":{"line":30,"column":3}},"5":{"start":{"line":23,"column":4},"end":{"line":29,"column":6}},"6":{"start":{"line":32,"column":2},"end":{"line":52,"column":4}},"7":{"start":{"line":37,"column":23},"end":{"line":37,"column":35}}},"fnMap":{"0":{"name":"(anonymous_0)","decl":{"start":{"line":17,"column":23},"end":{"line":17,"column":24}},"loc":{"start":{"line":17,"column":57},"end":{"line":53,"column":1}},"line":17},"1":{"name":"(anonymous_1)","decl":{"start":{"line":37,"column":17},"end":{"line":37,"column":18}},"loc":{"start":{"line":37,"column":23},"end":{"line":37,"column":35}},"line":37}},"branchMap":{"0":{"loc":{"start":{"line":17,"column":35},"end":{"line":17,"column":50}},"type":"default-arg","locations":[{"start":{"line":17,"column":45},"end":{"line":17,"column":50}}],"line":17},"1":{"loc":{"start":{"line":20,"column":2},"end":{"line":20,"column":62}},"type":"if","locations":[{"start":{"line":20,"column":2},"end":{"line":20,"column":62}},{"start":{},"end":{}}],"line":20},"2":{"loc":{"start":{"line":22,"column":2},"end":{"line":30,"column":3}},"type":"if","locations":[{"start":{"line":22,"column":2},"end":{"line":30,"column":3}},{"start":{},"end":{}}],"line":22}},"s":{"0":1,"1":11,"2":11,"3":2,"4":9,"5":1,"6":8,"7":1},"f":{"0":11,"1":1},"b":{"0":[8],"1":[2,9],"2":[1,8]},"_coverageSchema":"1a1c01bbd47fc00a2c39e90264f33305004495a9","hash":"a5ae1c6566d1b4c56ef13492ddc6253876af383b"}
,"C:\\Users\\lilia\\Desktop\\Proyecto-Veterinaria-EFT\\src\\components\\ui\\Badge.jsx": {"path":"C:\\Users\\lilia\\Desktop\\Proyecto-Veterinaria-EFT\\src\\components\\ui\\Badge.jsx","statementMap":{"0":{"start":{"line":11,"column":14},"end":{"line":26,"column":1}},"1":{"start":{"line":12,"column":21},"end":{"line":12,"column":74}},"2":{"start":{"line":13,"column":16},"end":{"line":13,"column":47}},"3":{"start":{"line":15,"column":20},"end":{"line":17,"column":25}},"4":{"start":{"line":19,"column":2},"end":{"line":25,"column":4}}},"fnMap":{"0":{"name":"(anonymous_0)","decl":{"start":{"line":11,"column":14},"end":{"line":11,"column":15}},"loc":{"start":{"line":11,"column":43},"end":{"line":26,"column":1}},"line":11}},"branchMap":{"0":{"loc":{"start":{"line":11,"column":25},"end":{"line":11,"column":36}},"type":"default-arg","locations":[{"start":{"line":11,"column":32},"end":{"line":11,"column":36}}],"line":11},"1":{"loc":{"start":{"line":12,"column":21},"end":{"line":12,"column":74}},"type":"binary-expr","locations":[{"start":{"line":12,"column":21},"end":{"line":12,"column":43}},{"start":{"line":12,"column":47},"end":{"line":12,"column":74}}],"line":12},"2":{"loc":{"start":{"line":13,"column":16},"end":{"line":13,"column":47}},"type":"binary-expr","locations":[{"start":{"line":13,"column":16},"end":{"line":13,"column":37}},{"start":{"line":13,"column":41},"end":{"line":13,"column":47}}],"line":13},"3":{"loc":{"start":{"line":15,"column":20},"end":{"line":17,"column":25}},"type":"cond-expr","locations":[{"start":{"line":16,"column":6},"end":{"line":16,"column":27}},{"start":{"line":17,"column":6},"end":{"line":17,"column":25}}],"line":15}},"s":{"0":1,"1":8,"2":8,"3":8,"4":8},"f":{"0":8},"b":{"0":[7],"1":[8,1],"2":[8,1],"3":[1,7]},"_coverageSchema":"1a1c01bbd47fc00a2c39e90264f33305004495a9","hash":"cc4ecdf4dc6b1f3e2ddcd0ccbf785c18de4a6e8b"}
,"C:\\Users\\lilia\\Desktop\\Proyecto-Veterinaria-EFT\\src\\components\\ui\\EmptyState.jsx": {"path":"C:\\Users\\lilia\\Desktop\\Proyecto-Veterinaria-EFT\\src\\components\\ui\\EmptyState.jsx","statementMap":{"0":{"start":{"line":10,"column":19},"end":{"line":29,"column":1}},"1":{"start":{"line":15,"column":2},"end":{"line":28,"column":4}}},"fnMap":{"0":{"name":"(anonymous_0)","decl":{"start":{"line":10,"column":19},"end":{"line":10,"column":20}},"loc":{"start":{"line":14,"column":6},"end":{"line":29,"column":1}},"line":14}},"branchMap":{"0":{"loc":{"start":{"line":11,"column":2},"end":{"line":11,"column":14}},"type":"default-arg","locations":[{"start":{"line":11,"column":10},"end":{"line":11,"column":14}}],"line":11},"1":{"loc":{"start":{"line":12,"column":2},"end":{"line":12,"column":27}},"type":"default-arg","locations":[{"start":{"line":12,"column":11},"end":{"line":12,"column":27}}],"line":12},"2":{"loc":{"start":{"line":13,"column":2},"end":{"line":13,"column":14}},"type":"default-arg","locations":[{"start":{"line":13,"column":12},"end":{"line":13,"column":14}}],"line":13},"3":{"loc":{"start":{"line":24,"column":7},"end":{"line":26,"column":7}},"type":"binary-expr","locations":[{"start":{"line":24,"column":7},"end":{"line":24,"column":14}},{"start":{"line":25,"column":8},"end":{"line":25,"column":68}}],"line":24}},"s":{"0":1,"1":7},"f":{"0":7},"b":{"0":[6],"1":[1],"2":[6],"3":[7,1]},"_coverageSchema":"1a1c01bbd47fc00a2c39e90264f33305004495a9","hash":"287d4b48b3afd9828bc8b4da03be6e19e2975af6"}
,"C:\\Users\\lilia\\Desktop\\Proyecto-Veterinaria-EFT\\src\\components\\ui\\Spinner.jsx": {"path":"C:\\Users\\lilia\\Desktop\\Proyecto-Veterinaria-EFT\\src\\components\\ui\\Spinner.jsx","statementMap":{"0":{"start":{"line":9,"column":16},"end":{"line":34,"column":1}},"1":{"start":{"line":10,"column":16},"end":{"line":14,"column":3}},"2":{"start":{"line":16,"column":2},"end":{"line":33,"column":4}}},"fnMap":{"0":{"name":"(anonymous_0)","decl":{"start":{"line":9,"column":16},"end":{"line":9,"column":17}},"loc":{"start":{"line":9,"column":49},"end":{"line":34,"column":1}},"line":9}},"branchMap":{"0":{"loc":{"start":{"line":9,"column":19},"end":{"line":9,"column":30}},"type":"default-arg","locations":[{"start":{"line":9,"column":26},"end":{"line":9,"column":30}}],"line":9},"1":{"loc":{"start":{"line":9,"column":32},"end":{"line":9,"column":42}},"type":"default-arg","locations":[{"start":{"line":9,"column":40},"end":{"line":9,"column":42}}],"line":9},"2":{"loc":{"start":{"line":29,"column":7},"end":{"line":31,"column":7}},"type":"binary-expr","locations":[{"start":{"line":29,"column":7},"end":{"line":29,"column":12}},{"start":{"line":30,"column":8},"end":{"line":30,"column":71}}],"line":29}},"s":{"0":1,"1":7,"2":7},"f":{"0":7},"b":{"0":[5],"1":[6],"2":[7,1]},"_coverageSchema":"1a1c01bbd47fc00a2c39e90264f33305004495a9","hash":"222c4fe59504d85d90672feefb6ee1eff20aa2cc"}
,"C:\\Users\\lilia\\Desktop\\Proyecto-Veterinaria-EFT\\src\\hooks\\useCitas.js": {"path":"C:\\Users\\lilia\\Desktop\\Proyecto-Veterinaria-EFT\\src\\hooks\\useCitas.js","statementMap":{"0":{"start":{"line":3,"column":12},"end":{"line":3,"column":39}},"1":{"start":{"line":9,"column":18},"end":{"line":13,"column":1}},"2":{"start":{"line":10,"column":2},"end":{"line":10,"column":25}},"3":{"start":{"line":10,"column":13},"end":{"line":10,"column":25}},"4":{"start":{"line":11,"column":2},"end":{"line":11,"column":44}},"5":{"start":{"line":11,"column":32},"end":{"line":11,"column":44}},"6":{"start":{"line":12,"column":2},"end":{"line":12,"column":42}},"7":{"start":{"line":22,"column":24},"end":{"line":61,"column":1}},"8":{"start":{"line":23,"column":28},"end":{"line":23,"column":40}},"9":{"start":{"line":24,"column":32},"end":{"line":24,"column":46}},"10":{"start":{"line":25,"column":28},"end":{"line":25,"column":42}},"11":{"start":{"line":27,"column":2},"end":{"line":58,"column":25}},"12":{"start":{"line":28,"column":23},"end":{"line":28,"column":44}},"13":{"start":{"line":30,"column":23},"end":{"line":53,"column":5}},"14":{"start":{"line":31,"column":6},"end":{"line":52,"column":7}},"15":{"start":{"line":32,"column":8},"end":{"line":32,"column":25}},"16":{"start":{"line":33,"column":8},"end":{"line":33,"column":23}},"17":{"start":{"line":35,"column":25},"end":{"line":35,"column":41}},"18":{"start":{"line":36,"column":20},"end":{"line":38,"column":26}},"19":{"start":{"line":40,"column":20},"end":{"line":40,"column":67}},"20":{"start":{"line":42,"column":8},"end":{"line":42,"column":90}},"21":{"start":{"line":42,"column":21},"end":{"line":42,"column":90}},"22":{"start":{"line":44,"column":21},"end":{"line":44,"column":37}},"23":{"start":{"line":45,"column":8},"end":{"line":45,"column":23}},"24":{"start":{"line":47,"column":8},"end":{"line":49,"column":9}},"25":{"start":{"line":48,"column":10},"end":{"line":48,"column":32}},"26":{"start":{"line":51,"column":8},"end":{"line":51,"column":26}},"27":{"start":{"line":55,"column":4},"end":{"line":55,"column":17}},"28":{"start":{"line":57,"column":4},"end":{"line":57,"column":36}},"29":{"start":{"line":57,"column":17},"end":{"line":57,"column":35}},"30":{"start":{"line":60,"column":2},"end":{"line":60,"column":35}}},"fnMap":{"0":{"name":"(anonymous_0)","decl":{"start":{"line":9,"column":18},"end":{"line":9,"column":19}},"loc":{"start":{"line":9,"column":28},"end":{"line":13,"column":1}},"line":9},"1":{"name":"(anonymous_1)","decl":{"start":{"line":22,"column":24},"end":{"line":22,"column":25}},"loc":{"start":{"line":22,"column":35},"end":{"line":61,"column":1}},"line":22},"2":{"name":"(anonymous_2)","decl":{"start":{"line":27,"column":12},"end":{"line":27,"column":13}},"loc":{"start":{"line":27,"column":18},"end":{"line":58,"column":3}},"line":27},"3":{"name":"(anonymous_3)","decl":{"start":{"line":30,"column":23},"end":{"line":30,"column":24}},"loc":{"start":{"line":30,"column":35},"end":{"line":53,"column":5}},"line":30},"4":{"name":"(anonymous_4)","decl":{"start":{"line":57,"column":11},"end":{"line":57,"column":12}},"loc":{"start":{"line":57,"column":17},"end":{"line":57,"column":35}},"line":57}},"branchMap":{"0":{"loc":{"start":{"line":10,"column":2},"end":{"line":10,"column":25}},"type":"if","locations":[{"start":{"line":10,"column":2},"end":{"line":10,"column":25}},{"start":{},"end":{}}],"line":10},"1":{"loc":{"start":{"line":11,"column":2},"end":{"line":11,"column":44}},"type":"if","locations":[{"start":{"line":11,"column":2},"end":{"line":11,"column":44}},{"start":{},"end":{}}],"line":11},"2":{"loc":{"start":{"line":36,"column":20},"end":{"line":38,"column":26}},"type":"cond-expr","locations":[{"start":{"line":37,"column":12},"end":{"line":37,"column":44}},{"start":{"line":38,"column":12},"end":{"line":38,"column":26}}],"line":36},"3":{"loc":{"start":{"line":42,"column":8},"end":{"line":42,"column":90}},"type":"if","locations":[{"start":{"line":42,"column":8},"end":{"line":42,"column":90}},{"start":{},"end":{}}],"line":42},"4":{"loc":{"start":{"line":47,"column":8},"end":{"line":49,"column":9}},"type":"if","locations":[{"start":{"line":47,"column":8},"end":{"line":49,"column":9}},{"start":{},"end":{}}],"line":47}},"s":{"0":1,"1":1,"2":19,"3":3,"4":16,"5":16,"6":0,"7":1,"8":12,"9":12,"10":12,"11":12,"12":7,"13":7,"14":7,"15":7,"16":7,"17":7,"18":7,"19":7,"20":6,"21":1,"22":5,"23":5,"24":2,"25":2,"26":7,"27":7,"28":7,"29":7,"30":12},"f":{"0":19,"1":12,"2":7,"3":7,"4":7},"b":{"0":[3,16],"1":[16,0],"2":[6,1],"3":[1,5],"4":[2,0]},"_coverageSchema":"1a1c01bbd47fc00a2c39e90264f33305004495a9","hash":"5d41f824833c4b99bcc3f7049d315bc2c93b9087"}
,"C:\\Users\\lilia\\Desktop\\Proyecto-Veterinaria-EFT\\src\\hooks\\useClientes.js": {"path":"C:\\Users\\lilia\\Desktop\\Proyecto-Veterinaria-EFT\\src\\hooks\\useClientes.js","statementMap":{"0":{"start":{"line":3,"column":12},"end":{"line":3,"column":39}},"1":{"start":{"line":9,"column":27},"end":{"line":45,"column":1}},"2":{"start":{"line":10,"column":34},"end":{"line":10,"column":46}},"3":{"start":{"line":11,"column":32},"end":{"line":11,"column":46}},"4":{"start":{"line":12,"column":28},"end":{"line":12,"column":42}},"5":{"start":{"line":14,"column":2},"end":{"line":42,"column":9}},"6":{"start":{"line":15,"column":23},"end":{"line":15,"column":44}},"7":{"start":{"line":17,"column":26},"end":{"line":37,"column":5}},"8":{"start":{"line":18,"column":6},"end":{"line":36,"column":7}},"9":{"start":{"line":19,"column":8},"end":{"line":19,"column":25}},"10":{"start":{"line":20,"column":8},"end":{"line":20,"column":23}},"11":{"start":{"line":22,"column":20},"end":{"line":24,"column":10}},"12":{"start":{"line":26,"column":8},"end":{"line":26,"column":93}},"13":{"start":{"line":26,"column":21},"end":{"line":26,"column":93}},"14":{"start":{"line":28,"column":21},"end":{"line":28,"column":37}},"15":{"start":{"line":29,"column":8},"end":{"line":29,"column":26}},"16":{"start":{"line":31,"column":8},"end":{"line":33,"column":9}},"17":{"start":{"line":32,"column":10},"end":{"line":32,"column":32}},"18":{"start":{"line":35,"column":8},"end":{"line":35,"column":26}},"19":{"start":{"line":39,"column":4},"end":{"line":39,"column":20}},"20":{"start":{"line":41,"column":4},"end":{"line":41,"column":36}},"21":{"start":{"line":41,"column":17},"end":{"line":41,"column":35}},"22":{"start":{"line":44,"column":2},"end":{"line":44,"column":38}},"23":{"start":{"line":51,"column":33},"end":{"line":89,"column":1}},"24":{"start":{"line":52,"column":32},"end":{"line":52,"column":46}},"25":{"start":{"line":53,"column":32},"end":{"line":53,"column":46}},"26":{"start":{"line":54,"column":28},"end":{"line":54,"column":42}},"27":{"start":{"line":56,"column":2},"end":{"line":86,"column":11}},"28":{"start":{"line":57,"column":4},"end":{"line":57,"column":20}},"29":{"start":{"line":57,"column":13},"end":{"line":57,"column":20}},"30":{"start":{"line":59,"column":23},"end":{"line":59,"column":44}},"31":{"start":{"line":61,"column":25},"end":{"line":81,"column":5}},"32":{"start":{"line":62,"column":6},"end":{"line":80,"column":7}},"33":{"start":{"line":63,"column":8},"end":{"line":63,"column":25}},"34":{"start":{"line":64,"column":8},"end":{"line":64,"column":23}},"35":{"start":{"line":66,"column":20},"end":{"line":68,"column":10}},"36":{"start":{"line":70,"column":8},"end":{"line":70,"column":83}},"37":{"start":{"line":70,"column":21},"end":{"line":70,"column":83}},"38":{"start":{"line":72,"column":21},"end":{"line":72,"column":37}},"39":{"start":{"line":73,"column":8},"end":{"line":73,"column":25}},"40":{"start":{"line":75,"column":8},"end":{"line":77,"column":9}},"41":{"start":{"line":76,"column":10},"end":{"line":76,"column":32}},"42":{"start":{"line":79,"column":8},"end":{"line":79,"column":26}},"43":{"start":{"line":83,"column":4},"end":{"line":83,"column":19}},"44":{"start":{"line":85,"column":4},"end":{"line":85,"column":36}},"45":{"start":{"line":85,"column":17},"end":{"line":85,"column":35}},"46":{"start":{"line":88,"column":2},"end":{"line":88,"column":37}}},"fnMap":{"0":{"name":"(anonymous_0)","decl":{"start":{"line":9,"column":27},"end":{"line":9,"column":28}},"loc":{"start":{"line":9,"column":33},"end":{"line":45,"column":1}},"line":9},"1":{"name":"(anonymous_1)","decl":{"start":{"line":14,"column":12},"end":{"line":14,"column":13}},"loc":{"start":{"line":14,"column":18},"end":{"line":42,"column":3}},"line":14},"2":{"name":"(anonymous_2)","decl":{"start":{"line":17,"column":26},"end":{"line":17,"column":27}},"loc":{"start":{"line":17,"column":38},"end":{"line":37,"column":5}},"line":17},"3":{"name":"(anonymous_3)","decl":{"start":{"line":41,"column":11},"end":{"line":41,"column":12}},"loc":{"start":{"line":41,"column":17},"end":{"line":41,"column":35}},"line":41},"4":{"name":"(anonymous_4)","decl":{"start":{"line":51,"column":33},"end":{"line":51,"column":34}},"loc":{"start":{"line":51,"column":41},"end":{"line":89,"column":1}},"line":51},"5":{"name":"(anonymous_5)","decl":{"start":{"line":56,"column":12},"end":{"line":56,"column":13}},"loc":{"start":{"line":56,"column":18},"end":{"line":86,"column":3}},"line":56},"6":{"name":"(anonymous_6)","decl":{"start":{"line":61,"column":25},"end":{"line":61,"column":26}},"loc":{"start":{"line":61,"column":37},"end":{"line":81,"column":5}},"line":61},"7":{"name":"(anonymous_7)","decl":{"start":{"line":85,"column":11},"end":{"line":85,"column":12}},"loc":{"start":{"line":85,"column":17},"end":{"line":85,"column":35}},"line":85}},"branchMap":{"0":{"loc":{"start":{"line":26,"column":8},"end":{"line":26,"column":93}},"type":"if","locations":[{"start":{"line":26,"column":8},"end":{"line":26,"column":93}},{"start":{},"end":{}}],"line":26},"1":{"loc":{"start":{"line":31,"column":8},"end":{"line":33,"column":9}},"type":"if","locations":[{"start":{"line":31,"column":8},"end":{"line":33,"column":9}},{"start":{},"end":{}}],"line":31},"2":{"loc":{"start":{"line":57,"column":4},"end":{"line":57,"column":20}},"type":"if","locations":[{"start":{"line":57,"column":4},"end":{"line":57,"column":20}},{"start":{},"end":{}}],"line":57},"3":{"loc":{"start":{"line":70,"column":8},"end":{"line":70,"column":83}},"type":"if","locations":[{"start":{"line":70,"column":8},"end":{"line":70,"column":83}},{"start":{},"end":{}}],"line":70},"4":{"loc":{"start":{"line":75,"column":8},"end":{"line":77,"column":9}},"type":"if","locations":[{"start":{"line":75,"column":8},"end":{"line":77,"column":9}},{"start":{},"end":{}}],"line":75}},"s":{"0":1,"1":1,"2":8,"3":8,"4":8,"5":8,"6":5,"7":5,"8":5,"9":5,"10":5,"11":5,"12":4,"13":1,"14":3,"15":3,"16":2,"17":2,"18":5,"19":5,"20":5,"21":5,"22":8,"23":1,"24":7,"25":7,"26":7,"27":7,"28":5,"29":1,"30":4,"31":4,"32":4,"33":4,"34":4,"35":4,"36":4,"37":1,"38":3,"39":3,"40":1,"41":1,"42":4,"43":4,"44":4,"45":4,"46":7},"f":{"0":8,"1":5,"2":5,"3":5,"4":7,"5":5,"6":4,"7":4},"b":{"0":[1,3],"1":[2,0],"2":[1,4],"3":[1,3],"4":[1,0]},"_coverageSchema":"1a1c01bbd47fc00a2c39e90264f33305004495a9","hash":"90c00447976324f1fff8b6284494233199c28ecc"}
,"C:\\Users\\lilia\\Desktop\\Proyecto-Veterinaria-EFT\\src\\store\\slices\\citasSlice.js": {"path":"C:\\Users\\lilia\\Desktop\\Proyecto-Veterinaria-EFT\\src\\store\\slices\\citasSlice.js","statementMap":{"0":{"start":{"line":14,"column":26},"end":{"line":23,"column":1}},"1":{"start":{"line":17,"column":4},"end":{"line":21,"column":5}},"2":{"start":{"line":18,"column":6},"end":{"line":18,"column":43}},"3":{"start":{"line":20,"column":6},"end":{"line":20,"column":42}},"4":{"start":{"line":27,"column":19},"end":{"line":59,"column":2}},"5":{"start":{"line":37,"column":6},"end":{"line":37,"column":35}},"6":{"start":{"line":40,"column":6},"end":{"line":40,"column":24}},"7":{"start":{"line":41,"column":6},"end":{"line":41,"column":26}},"8":{"start":{"line":45,"column":4},"end":{"line":57,"column":9}},"9":{"start":{"line":47,"column":8},"end":{"line":47,"column":29}},"10":{"start":{"line":48,"column":8},"end":{"line":48,"column":29}},"11":{"start":{"line":51,"column":8},"end":{"line":51,"column":30}},"12":{"start":{"line":52,"column":8},"end":{"line":52,"column":39}},"13":{"start":{"line":55,"column":8},"end":{"line":55,"column":30}},"14":{"start":{"line":56,"column":8},"end":{"line":56,"column":39}},"15":{"start":{"line":61,"column":42},"end":{"line":61,"column":60}},"16":{"start":{"line":65,"column":29},"end":{"line":65,"column":57}},"17":{"start":{"line":65,"column":40},"end":{"line":65,"column":57}},"18":{"start":{"line":66,"column":29},"end":{"line":66,"column":57}},"19":{"start":{"line":66,"column":40},"end":{"line":66,"column":57}},"20":{"start":{"line":67,"column":29},"end":{"line":67,"column":59}},"21":{"start":{"line":67,"column":40},"end":{"line":67,"column":59}},"22":{"start":{"line":68,"column":29},"end":{"line":68,"column":57}},"23":{"start":{"line":68,"column":40},"end":{"line":68,"column":57}}},"fnMap":{"0":{"name":"(anonymous_0)","decl":{"start":{"line":16,"column":2},"end":{"line":16,"column":3}},"loc":{"start":{"line":16,"column":40},"end":{"line":22,"column":3}},"line":16},"1":{"name":"(anonymous_1)","decl":{"start":{"line":36,"column":4},"end":{"line":36,"column":5}},"loc":{"start":{"line":36,"column":28},"end":{"line":38,"column":5}},"line":36},"2":{"name":"(anonymous_2)","decl":{"start":{"line":39,"column":4},"end":{"line":39,"column":5}},"loc":{"start":{"line":39,"column":24},"end":{"line":42,"column":5}},"line":39},"3":{"name":"(anonymous_3)","decl":{"start":{"line":44,"column":17},"end":{"line":44,"column":18}},"loc":{"start":{"line":44,"column":30},"end":{"line":58,"column":3}},"line":44},"4":{"name":"(anonymous_4)","decl":{"start":{"line":46,"column":35},"end":{"line":46,"column":36}},"loc":{"start":{"line":46,"column":46},"end":{"line":49,"column":7}},"line":46},"5":{"name":"(anonymous_5)","decl":{"start":{"line":50,"column":37},"end":{"line":50,"column":38}},"loc":{"start":{"line":50,"column":56},"end":{"line":53,"column":7}},"line":50},"6":{"name":"(anonymous_6)","decl":{"start":{"line":54,"column":36},"end":{"line":54,"column":37}},"loc":{"start":{"line":54,"column":55},"end":{"line":57,"column":7}},"line":54},"7":{"name":"(anonymous_7)","decl":{"start":{"line":65,"column":29},"end":{"line":65,"column":30}},"loc":{"start":{"line":65,"column":40},"end":{"line":65,"column":57}},"line":65},"8":{"name":"(anonymous_8)","decl":{"start":{"line":66,"column":29},"end":{"line":66,"column":30}},"loc":{"start":{"line":66,"column":40},"end":{"line":66,"column":57}},"line":66},"9":{"name":"(anonymous_9)","decl":{"start":{"line":67,"column":29},"end":{"line":67,"column":30}},"loc":{"start":{"line":67,"column":40},"end":{"line":67,"column":59}},"line":67},"10":{"name":"(anonymous_10)","decl":{"start":{"line":68,"column":29},"end":{"line":68,"column":30}},"loc":{"start":{"line":68,"column":40},"end":{"line":68,"column":57}},"line":68}},"branchMap":{},"s":{"0":1,"1":0,"2":0,"3":0,"4":1,"5":1,"6":1,"7":1,"8":1,"9":1,"10":1,"11":1,"12":1,"13":1,"14":1,"15":1,"16":1,"17":1,"18":1,"19":1,"20":1,"21":1,"22":1,"23":1},"f":{"0":0,"1":1,"2":1,"3":1,"4":1,"5":1,"6":1,"7":1,"8":1,"9":1,"10":1},"b":{},"_coverageSchema":"1a1c01bbd47fc00a2c39e90264f33305004495a9","hash":"d735252a5b6265fd12bb0d23ff6a7ada67fcb0ce"}
,"C:\\Users\\lilia\\Desktop\\Proyecto-Veterinaria-EFT\\src\\store\\slices\\clientesSlice.js": {"path":"C:\\Users\\lilia\\Desktop\\Proyecto-Veterinaria-EFT\\src\\store\\slices\\clientesSlice.js","statementMap":{"0":{"start":{"line":14,"column":29},"end":{"line":23,"column":1}},"1":{"start":{"line":17,"column":4},"end":{"line":21,"column":5}},"2":{"start":{"line":18,"column":6},"end":{"line":18,"column":33}},"3":{"start":{"line":20,"column":6},"end":{"line":20,"column":42}},"4":{"start":{"line":25,"column":33},"end":{"line":34,"column":1}},"5":{"start":{"line":28,"column":4},"end":{"line":32,"column":5}},"6":{"start":{"line":29,"column":6},"end":{"line":29,"column":39}},"7":{"start":{"line":31,"column":6},"end":{"line":31,"column":42}},"8":{"start":{"line":38,"column":22},"end":{"line":82,"column":2}},"9":{"start":{"line":48,"column":6},"end":{"line":48,"column":27}},"10":{"start":{"line":49,"column":6},"end":{"line":49,"column":27}},"11":{"start":{"line":53,"column":4},"end":{"line":80,"column":9}},"12":{"start":{"line":56,"column":8},"end":{"line":56,"column":29}},"13":{"start":{"line":57,"column":8},"end":{"line":57,"column":29}},"14":{"start":{"line":60,"column":8},"end":{"line":60,"column":30}},"15":{"start":{"line":61,"column":8},"end":{"line":61,"column":39}},"16":{"start":{"line":64,"column":8},"end":{"line":64,"column":30}},"17":{"start":{"line":65,"column":8},"end":{"line":65,"column":39}},"18":{"start":{"line":70,"column":8},"end":{"line":70,"column":29}},"19":{"start":{"line":71,"column":8},"end":{"line":71,"column":29}},"20":{"start":{"line":74,"column":8},"end":{"line":74,"column":30}},"21":{"start":{"line":75,"column":8},"end":{"line":75,"column":39}},"22":{"start":{"line":78,"column":8},"end":{"line":78,"column":30}},"23":{"start":{"line":79,"column":8},"end":{"line":79,"column":39}},"24":{"start":{"line":84,"column":34},"end":{"line":84,"column":55}},"25":{"start":{"line":88,"column":36},"end":{"line":88,"column":67}},"26":{"start":{"line":88,"column":47},"end":{"line":88,"column":67}},"27":{"start":{"line":89,"column":36},"end":{"line":89,"column":69}},"28":{"start":{"line":89,"column":47},"end":{"line":89,"column":69}},"29":{"start":{"line":90,"column":36},"end":{"line":90,"column":69}},"30":{"start":{"line":90,"column":47},"end":{"line":90,"column":69}},"31":{"start":{"line":91,"column":36},"end":{"line":91,"column":67}},"32":{"start":{"line":91,"column":47},"end":{"line":91,"column":67}}},"fnMap":{"0":{"name":"(anonymous_0)","decl":{"start":{"line":16,"column":2},"end":{"line":16,"column":3}},"loc":{"start":{"line":16,"column":36},"end":{"line":22,"column":3}},"line":16},"1":{"name":"(anonymous_1)","decl":{"start":{"line":27,"column":2},"end":{"line":27,"column":3}},"loc":{"start":{"line":27,"column":37},"end":{"line":33,"column":3}},"line":27},"2":{"name":"(anonymous_2)","decl":{"start":{"line":47,"column":4},"end":{"line":47,"column":5}},"loc":{"start":{"line":47,"column":26},"end":{"line":50,"column":5}},"line":47},"3":{"name":"(anonymous_3)","decl":{"start":{"line":52,"column":17},"end":{"line":52,"column":18}},"loc":{"start":{"line":52,"column":30},"end":{"line":81,"column":3}},"line":52},"4":{"name":"(anonymous_4)","decl":{"start":{"line":55,"column":38},"end":{"line":55,"column":39}},"loc":{"start":{"line":55,"column":49},"end":{"line":58,"column":7}},"line":55},"5":{"name":"(anonymous_5)","decl":{"start":{"line":59,"column":40},"end":{"line":59,"column":41}},"loc":{"start":{"line":59,"column":59},"end":{"line":62,"column":7}},"line":59},"6":{"name":"(anonymous_6)","decl":{"start":{"line":63,"column":39},"end":{"line":63,"column":40}},"loc":{"start":{"line":63,"column":58},"end":{"line":66,"column":7}},"line":63},"7":{"name":"(anonymous_7)","decl":{"start":{"line":69,"column":42},"end":{"line":69,"column":43}},"loc":{"start":{"line":69,"column":53},"end":{"line":72,"column":7}},"line":69},"8":{"name":"(anonymous_8)","decl":{"start":{"line":73,"column":44},"end":{"line":73,"column":45}},"loc":{"start":{"line":73,"column":63},"end":{"line":76,"column":7}},"line":73},"9":{"name":"(anonymous_9)","decl":{"start":{"line":77,"column":43},"end":{"line":77,"column":44}},"loc":{"start":{"line":77,"column":62},"end":{"line":80,"column":7}},"line":77},"10":{"name":"(anonymous_10)","decl":{"start":{"line":88,"column":36},"end":{"line":88,"column":37}},"loc":{"start":{"line":88,"column":47},"end":{"line":88,"column":67}},"line":88},"11":{"name":"(anonymous_11)","decl":{"start":{"line":89,"column":36},"end":{"line":89,"column":37}},"loc":{"start":{"line":89,"column":47},"end":{"line":89,"column":69}},"line":89},"12":{"name":"(anonymous_12)","decl":{"start":{"line":90,"column":36},"end":{"line":90,"column":37}},"loc":{"start":{"line":90,"column":47},"end":{"line":90,"column":69}},"line":90},"13":{"name":"(anonymous_13)","decl":{"start":{"line":91,"column":36},"end":{"line":91,"column":37}},"loc":{"start":{"line":91,"column":47},"end":{"line":91,"column":67}},"line":91}},"branchMap":{},"s":{"0":1,"1":0,"2":0,"3":0,"4":1,"5":0,"6":0,"7":0,"8":1,"9":1,"10":1,"11":1,"12":1,"13":1,"14":1,"15":1,"16":1,"17":1,"18":1,"19":1,"20":1,"21":1,"22":1,"23":1,"24":1,"25":1,"26":1,"27":1,"28":1,"29":1,"30":1,"31":1,"32":1},"f":{"0":0,"1":0,"2":1,"3":1,"4":1,"5":1,"6":1,"7":1,"8":1,"9":1,"10":1,"11":1,"12":1,"13":1},"b":{},"_coverageSchema":"1a1c01bbd47fc00a2c39e90264f33305004495a9","hash":"d74e95415468e3d0ed53c498a6443be2e2d8e00d"}
,"C:\\Users\\lilia\\Desktop\\Proyecto-Veterinaria-EFT\\src\\utils\\constants.js": {"path":"C:\\Users\\lilia\\Desktop\\Proyecto-Veterinaria-EFT\\src\\utils\\constants.js","statementMap":{"0":{"start":{"line":10,"column":28},"end":{"line":10,"column":55}},"1":{"start":{"line":11,"column":27},"end":{"line":11,"column":52}},"2":{"start":{"line":16,"column":33},"end":{"line":16,"column":34}},"3":{"start":{"line":21,"column":28},"end":{"line":26,"column":1}},"4":{"start":{"line":29,"column":30},"end":{"line":34,"column":1}},"5":{"start":{"line":37,"column":29},"end":{"line":42,"column":1}},"6":{"start":{"line":47,"column":24},"end":{"line":47,"column":76}},"7":{"start":{"line":50,"column":29},"end":{"line":57,"column":1}},"8":{"start":{"line":62,"column":21},"end":{"line":67,"column":1}},"9":{"start":{"line":72,"column":22},"end":{"line":80,"column":1}}},"fnMap":{},"branchMap":{},"s":{"0":3,"1":3,"2":3,"3":3,"4":3,"5":3,"6":3,"7":3,"8":3,"9":3},"f":{},"b":{},"_coverageSchema":"1a1c01bbd47fc00a2c39e90264f33305004495a9","hash":"0589c1da26a6def3c73dcf45ed759ebdd4ff2872"}
,"C:\\Users\\lilia\\Desktop\\Proyecto-Veterinaria-EFT\\src\\utils\\formatDate.js": {"path":"C:\\Users\\lilia\\Desktop\\Proyecto-Veterinaria-EFT\\src\\utils\\formatDate.js","statementMap":{"0":{"start":{"line":7,"column":15},"end":{"line":7,"column":22}},"1":{"start":{"line":13,"column":27},"end":{"line":23,"column":1}},"2":{"start":{"line":14,"column":2},"end":{"line":14,"column":27}},"3":{"start":{"line":14,"column":17},"end":{"line":14,"column":27}},"4":{"start":{"line":16,"column":15},"end":{"line":16,"column":47}},"5":{"start":{"line":17,"column":2},"end":{"line":22,"column":5}},"6":{"start":{"line":29,"column":32},"end":{"line":33,"column":1}},"7":{"start":{"line":30,"column":2},"end":{"line":30,"column":27}},"8":{"start":{"line":30,"column":17},"end":{"line":30,"column":27}},"9":{"start":{"line":31,"column":15},"end":{"line":31,"column":47}},"10":{"start":{"line":32,"column":2},"end":{"line":32,"column":41}},"11":{"start":{"line":39,"column":26},"end":{"line":49,"column":1}},"12":{"start":{"line":40,"column":2},"end":{"line":40,"column":23}},"13":{"start":{"line":40,"column":13},"end":{"line":40,"column":23}},"14":{"start":{"line":41,"column":19},"end":{"line":41,"column":34}},"15":{"start":{"line":42,"column":15},"end":{"line":42,"column":25}},"16":{"start":{"line":43,"column":2},"end":{"line":43,"column":40}},"17":{"start":{"line":44,"column":2},"end":{"line":48,"column":5}},"18":{"start":{"line":56,"column":25},"end":{"line":63,"column":1}},"19":{"start":{"line":57,"column":2},"end":{"line":57,"column":25}},"20":{"start":{"line":57,"column":13},"end":{"line":57,"column":25}},"21":{"start":{"line":58,"column":2},"end":{"line":58,"column":44}},"22":{"start":{"line":58,"column":32},"end":{"line":58,"column":44}},"23":{"start":{"line":59,"column":12},"end":{"line":59,"column":30}},"24":{"start":{"line":60,"column":12},"end":{"line":60,"column":56}},"25":{"start":{"line":61,"column":12},"end":{"line":61,"column":51}},"26":{"start":{"line":62,"column":2},"end":{"line":62,"column":26}},"27":{"start":{"line":69,"column":19},"end":{"line":69,"column":46}},"28":{"start":{"line":69,"column":25},"end":{"line":69,"column":46}},"29":{"start":{"line":76,"column":26},"end":{"line":79,"column":1}},"30":{"start":{"line":77,"column":2},"end":{"line":77,"column":53}},"31":{"start":{"line":77,"column":43},"end":{"line":77,"column":53}},"32":{"start":{"line":78,"column":2},"end":{"line":78,"column":47}},"33":{"start":{"line":85,"column":26},"end":{"line":88,"column":1}},"34":{"start":{"line":86,"column":2},"end":{"line":86,"column":62}},"35":{"start":{"line":86,"column":39},"end":{"line":86,"column":62}},"36":{"start":{"line":87,"column":2},"end":{"line":87,"column":20}}},"fnMap":{"0":{"name":"(anonymous_0)","decl":{"start":{"line":13,"column":27},"end":{"line":13,"column":28}},"loc":{"start":{"line":13,"column":41},"end":{"line":23,"column":1}},"line":13},"1":{"name":"(anonymous_1)","decl":{"start":{"line":29,"column":32},"end":{"line":29,"column":33}},"loc":{"start":{"line":29,"column":46},"end":{"line":33,"column":1}},"line":29},"2":{"name":"(anonymous_2)","decl":{"start":{"line":39,"column":26},"end":{"line":39,"column":27}},"loc":{"start":{"line":39,"column":36},"end":{"line":49,"column":1}},"line":39},"3":{"name":"(anonymous_3)","decl":{"start":{"line":56,"column":25},"end":{"line":56,"column":26}},"loc":{"start":{"line":56,"column":35},"end":{"line":63,"column":1}},"line":56},"4":{"name":"(anonymous_4)","decl":{"start":{"line":69,"column":19},"end":{"line":69,"column":20}},"loc":{"start":{"line":69,"column":25},"end":{"line":69,"column":46}},"line":69},"5":{"name":"(anonymous_5)","decl":{"start":{"line":76,"column":26},"end":{"line":76,"column":27}},"loc":{"start":{"line":76,"column":36},"end":{"line":79,"column":1}},"line":76},"6":{"name":"(anonymous_6)","decl":{"start":{"line":85,"column":26},"end":{"line":85,"column":27}},"loc":{"start":{"line":85,"column":34},"end":{"line":88,"column":1}},"line":85}},"branchMap":{"0":{"loc":{"start":{"line":14,"column":2},"end":{"line":14,"column":27}},"type":"if","locations":[{"start":{"line":14,"column":2},"end":{"line":14,"column":27}},{"start":{},"end":{}}],"line":14},"1":{"loc":{"start":{"line":30,"column":2},"end":{"line":30,"column":27}},"type":"if","locations":[{"start":{"line":30,"column":2},"end":{"line":30,"column":27}},{"start":{},"end":{}}],"line":30},"2":{"loc":{"start":{"line":40,"column":2},"end":{"line":40,"column":23}},"type":"if","locations":[{"start":{"line":40,"column":2},"end":{"line":40,"column":23}},{"start":{},"end":{}}],"line":40},"3":{"loc":{"start":{"line":57,"column":2},"end":{"line":57,"column":25}},"type":"if","locations":[{"start":{"line":57,"column":2},"end":{"line":57,"column":25}},{"start":{},"end":{}}],"line":57},"4":{"loc":{"start":{"line":58,"column":2},"end":{"line":58,"column":44}},"type":"if","locations":[{"start":{"line":58,"column":2},"end":{"line":58,"column":44}},{"start":{},"end":{}}],"line":58},"5":{"loc":{"start":{"line":77,"column":2},"end":{"line":77,"column":53}},"type":"if","locations":[{"start":{"line":77,"column":2},"end":{"line":77,"column":53}},{"start":{},"end":{}}],"line":77},"6":{"loc":{"start":{"line":77,"column":6},"end":{"line":77,"column":41}},"type":"binary-expr","locations":[{"start":{"line":77,"column":6},"end":{"line":77,"column":24}},{"start":{"line":77,"column":28},"end":{"line":77,"column":41}}],"line":77},"7":{"loc":{"start":{"line":78,"column":9},"end":{"line":78,"column":46}},"type":"cond-expr","locations":[{"start":{"line":78,"column":22},"end":{"line":78,"column":29}},{"start":{"line":78,"column":32},"end":{"line":78,"column":46}}],"line":78},"8":{"loc":{"start":{"line":86,"column":2},"end":{"line":86,"column":62}},"type":"if","locations":[{"start":{"line":86,"column":2},"end":{"line":86,"column":62}},{"start":{},"end":{}}],"line":86},"9":{"loc":{"start":{"line":86,"column":6},"end":{"line":86,"column":37}},"type":"binary-expr","locations":[{"start":{"line":86,"column":6},"end":{"line":86,"column":17}},{"start":{"line":86,"column":21},"end":{"line":86,"column":37}}],"line":86}},"s":{"0":2,"1":2,"2":5,"3":3,"4":2,"5":2,"6":2,"7":3,"8":2,"9":1,"10":1,"11":2,"12":23,"13":3,"14":20,"15":20,"16":20,"17":20,"18":2,"19":8,"20":2,"21":6,"22":1,"23":5,"24":5,"25":5,"26":5,"27":2,"28":2,"29":2,"30":6,"31":2,"32":4,"33":2,"34":4,"35":2,"36":2},"f":{"0":5,"1":3,"2":23,"3":8,"4":2,"5":6,"6":4},"b":{"0":[3,2],"1":[2,1],"2":[3,20],"3":[2,6],"4":[1,5],"5":[2,4],"6":[6,5],"7":[1,3],"8":[2,2],"9":[4,3]},"_coverageSchema":"1a1c01bbd47fc00a2c39e90264f33305004495a9","hash":"f203a4ef75a24e78f93090a2d77d074252993b4e"}
}
