TN:
SF:src\components\citas\CitaCard.jsx
FN:13,(anonymous_0)
FNF:1
FNH:1
FNDA:17,(anonymous_0)
DA:13,1
DA:14,17
DA:16,17
LF:3
LH:3
BRDA:14,0,0,17
BRDA:14,0,1,2
BRDA:39,1,0,17
BRDA:39,1,1,1
BRDA:43,2,0,10
BRDA:43,2,1,7
BRDA:54,3,0,17
BRDA:54,3,1,0
BRDA:68,4,0,17
BRDA:68,4,1,0
BRDA:77,5,0,17
BRDA:77,5,1,10
BRDA:88,6,0,17
BRDA:88,6,1,10
BRF:14
BRH:12
end_of_record
TN:
SF:src\components\citas\FiltroFecha.jsx
FN:12,(anonymous_0)
FN:15,(anonymous_1)
FN:19,(anonymous_2)
FNF:3
FNH:3
FNDA:10,(anonymous_0)
FNDA:1,(anonymous_1)
FNDA:1,(anonymous_2)
DA:12,1
DA:13,10
DA:15,10
DA:16,1
DA:19,10
DA:20,1
DA:23,10
LF:7
LH:7
BRDA:59,0,0,10
BRDA:59,0,1,3
BRF:2
BRH:2
end_of_record
TN:
SF:src\components\clientes\ClienteCard.jsx
FN:13,(anonymous_0)
FN:16,(anonymous_1)
FN:58,(anonymous_2)
FNF:3
FNH:3
FNDA:13,(anonymous_0)
FNDA:1,(anonymous_1)
FNDA:21,(anonymous_2)
DA:13,1
DA:14,13
DA:16,13
DA:17,1
DA:20,13
DA:59,21
LF:6
LH:6
BRDA:36,0,0,13
BRDA:36,0,1,0
BRDA:37,1,0,1
BRDA:37,1,1,12
BRDA:56,2,0,13
BRDA:56,2,1,11
BRDA:63,3,0,21
BRDA:63,3,1,0
BRF:8
BRH:6
end_of_record
TN:
SF:src\components\mascotas\MascotaDetalle.jsx
FN:17,(anonymous_0)
FN:37,(anonymous_1)
FNF:2
FNH:2
FNDA:11,(anonymous_0)
FNDA:1,(anonymous_1)
DA:17,1
DA:18,11
DA:20,11
DA:22,9
DA:23,1
DA:32,8
DA:37,1
LF:7
LH:7
BRDA:17,0,0,8
BRDA:20,1,0,2
BRDA:20,1,1,9
BRDA:22,2,0,1
BRDA:22,2,1,8
BRF:5
BRH:5
end_of_record
TN:
SF:src\components\ui\Badge.jsx
FN:11,(anonymous_0)
FNF:1
FNH:1
FNDA:8,(anonymous_0)
DA:11,1
DA:12,8
DA:13,8
DA:15,8
DA:19,8
LF:5
LH:5
BRDA:11,0,0,7
BRDA:12,1,0,8
BRDA:12,1,1,1
BRDA:13,2,0,8
BRDA:13,2,1,1
BRDA:15,3,0,1
BRDA:15,3,1,7
BRF:7
BRH:7
end_of_record
TN:
SF:src\components\ui\EmptyState.jsx
FN:10,(anonymous_0)
FNF:1
FNH:1
FNDA:7,(anonymous_0)
DA:10,1
DA:15,7
LF:2
LH:2
BRDA:11,0,0,6
BRDA:12,1,0,1
BRDA:13,2,0,6
BRDA:24,3,0,7
BRDA:24,3,1,1
BRF:5
BRH:5
end_of_record
TN:
SF:src\components\ui\Spinner.jsx
FN:9,(anonymous_0)
FNF:1
FNH:1
FNDA:7,(anonymous_0)
DA:9,1
DA:10,7
DA:16,7
LF:3
LH:3
BRDA:9,0,0,5
BRDA:9,1,0,6
BRDA:29,2,0,7
BRDA:29,2,1,1
BRF:4
BRH:4
end_of_record
TN:
SF:src\hooks\useCitas.js
FN:9,(anonymous_0)
FN:22,(anonymous_1)
FN:27,(anonymous_2)
FN:30,(anonymous_3)
FN:57,(anonymous_4)
FNF:5
FNH:5
FNDA:19,(anonymous_0)
FNDA:12,(anonymous_1)
FNDA:7,(anonymous_2)
FNDA:7,(anonymous_3)
FNDA:7,(anonymous_4)
DA:3,1
DA:9,1
DA:10,19
DA:11,16
DA:12,0
DA:22,1
DA:23,12
DA:24,12
DA:25,12
DA:27,12
DA:28,7
DA:30,7
DA:31,7
DA:32,7
DA:33,7
DA:35,7
DA:36,7
DA:40,7
DA:42,6
DA:44,5
DA:45,5
DA:47,2
DA:48,2
DA:51,7
DA:55,7
DA:57,7
DA:60,12
LF:27
LH:26
BRDA:10,0,0,3
BRDA:10,0,1,16
BRDA:11,1,0,16
BRDA:11,1,1,0
BRDA:36,2,0,6
BRDA:36,2,1,1
BRDA:42,3,0,1
BRDA:42,3,1,5
BRDA:47,4,0,2
BRDA:47,4,1,0
BRF:10
BRH:8
end_of_record
TN:
SF:src\hooks\useClientes.js
FN:9,(anonymous_0)
FN:14,(anonymous_1)
FN:17,(anonymous_2)
FN:41,(anonymous_3)
FN:51,(anonymous_4)
FN:56,(anonymous_5)
FN:61,(anonymous_6)
FN:85,(anonymous_7)
FNF:8
FNH:8
FNDA:8,(anonymous_0)
FNDA:5,(anonymous_1)
FNDA:5,(anonymous_2)
FNDA:5,(anonymous_3)
FNDA:7,(anonymous_4)
FNDA:5,(anonymous_5)
FNDA:4,(anonymous_6)
FNDA:4,(anonymous_7)
DA:3,1
DA:9,1
DA:10,8
DA:11,8
DA:12,8
DA:14,8
DA:15,5
DA:17,5
DA:18,5
DA:19,5
DA:20,5
DA:22,5
DA:26,4
DA:28,3
DA:29,3
DA:31,2
DA:32,2
DA:35,5
DA:39,5
DA:41,5
DA:44,8
DA:51,1
DA:52,7
DA:53,7
DA:54,7
DA:56,7
DA:57,5
DA:59,4
DA:61,4
DA:62,4
DA:63,4
DA:64,4
DA:66,4
DA:70,4
DA:72,3
DA:73,3
DA:75,1
DA:76,1
DA:79,4
DA:83,4
DA:85,4
DA:88,7
LF:42
LH:42
BRDA:26,0,0,1
BRDA:26,0,1,3
BRDA:31,1,0,2
BRDA:31,1,1,0
BRDA:57,2,0,1
BRDA:57,2,1,4
BRDA:70,3,0,1
BRDA:70,3,1,3
BRDA:75,4,0,1
BRDA:75,4,1,0
BRF:10
BRH:8
end_of_record
TN:
SF:src\store\slices\citasSlice.js
FN:16,(anonymous_0)
FN:36,(anonymous_1)
FN:39,(anonymous_2)
FN:44,(anonymous_3)
FN:46,(anonymous_4)
FN:50,(anonymous_5)
FN:54,(anonymous_6)
FN:65,(anonymous_7)
FN:66,(anonymous_8)
FN:67,(anonymous_9)
FN:68,(anonymous_10)
FNF:11
FNH:10
FNDA:0,(anonymous_0)
FNDA:1,(anonymous_1)
FNDA:1,(anonymous_2)
FNDA:1,(anonymous_3)
FNDA:1,(anonymous_4)
FNDA:1,(anonymous_5)
FNDA:1,(anonymous_6)
FNDA:1,(anonymous_7)
FNDA:1,(anonymous_8)
FNDA:1,(anonymous_9)
FNDA:1,(anonymous_10)
DA:14,1
DA:17,0
DA:18,0
DA:20,0
DA:27,1
DA:37,1
DA:40,1
DA:41,1
DA:45,1
DA:47,1
DA:48,1
DA:51,1
DA:52,1
DA:55,1
DA:56,1
DA:61,1
DA:65,1
DA:66,1
DA:67,1
DA:68,1
LF:20
LH:17
BRF:0
BRH:0
end_of_record
TN:
SF:src\store\slices\clientesSlice.js
FN:16,(anonymous_0)
FN:27,(anonymous_1)
FN:47,(anonymous_2)
FN:52,(anonymous_3)
FN:55,(anonymous_4)
FN:59,(anonymous_5)
FN:63,(anonymous_6)
FN:69,(anonymous_7)
FN:73,(anonymous_8)
FN:77,(anonymous_9)
FN:88,(anonymous_10)
FN:89,(anonymous_11)
FN:90,(anonymous_12)
FN:91,(anonymous_13)
FNF:14
FNH:12
FNDA:0,(anonymous_0)
FNDA:0,(anonymous_1)
FNDA:1,(anonymous_2)
FNDA:1,(anonymous_3)
FNDA:1,(anonymous_4)
FNDA:1,(anonymous_5)
FNDA:1,(anonymous_6)
FNDA:1,(anonymous_7)
FNDA:1,(anonymous_8)
FNDA:1,(anonymous_9)
FNDA:1,(anonymous_10)
FNDA:1,(anonymous_11)
FNDA:1,(anonymous_12)
FNDA:1,(anonymous_13)
DA:14,1
DA:17,0
DA:18,0
DA:20,0
DA:25,1
DA:28,0
DA:29,0
DA:31,0
DA:38,1
DA:48,1
DA:49,1
DA:53,1
DA:56,1
DA:57,1
DA:60,1
DA:61,1
DA:64,1
DA:65,1
DA:70,1
DA:71,1
DA:74,1
DA:75,1
DA:78,1
DA:79,1
DA:84,1
DA:88,1
DA:89,1
DA:90,1
DA:91,1
LF:29
LH:23
BRF:0
BRH:0
end_of_record
TN:
SF:src\utils\constants.js
FNF:0
FNH:0
DA:10,3
DA:11,3
DA:16,3
DA:21,3
DA:29,3
DA:37,3
DA:47,3
DA:50,3
DA:62,3
DA:72,3
LF:10
LH:10
BRF:0
BRH:0
end_of_record
TN:
SF:src\utils\formatDate.js
FN:13,(anonymous_0)
FN:29,(anonymous_1)
FN:39,(anonymous_2)
FN:56,(anonymous_3)
FN:69,(anonymous_4)
FN:76,(anonymous_5)
FN:85,(anonymous_6)
FNF:7
FNH:7
FNDA:5,(anonymous_0)
FNDA:3,(anonymous_1)
FNDA:23,(anonymous_2)
FNDA:8,(anonymous_3)
FNDA:2,(anonymous_4)
FNDA:6,(anonymous_5)
FNDA:4,(anonymous_6)
DA:7,2
DA:13,2
DA:14,5
DA:16,2
DA:17,2
DA:29,2
DA:30,3
DA:31,1
DA:32,1
DA:39,2
DA:40,23
DA:41,20
DA:42,20
DA:43,20
DA:44,20
DA:56,2
DA:57,8
DA:58,6
DA:59,5
DA:60,5
DA:61,5
DA:62,5
DA:69,2
DA:76,2
DA:77,6
DA:78,4
DA:85,2
DA:86,4
DA:87,2
LF:29
LH:29
BRDA:14,0,0,3
BRDA:14,0,1,2
BRDA:30,1,0,2
BRDA:30,1,1,1
BRDA:40,2,0,3
BRDA:40,2,1,20
BRDA:57,3,0,2
BRDA:57,3,1,6
BRDA:58,4,0,1
BRDA:58,4,1,5
BRDA:77,5,0,2
BRDA:77,5,1,4
BRDA:77,6,0,6
BRDA:77,6,1,5
BRDA:78,7,0,1
BRDA:78,7,1,3
BRDA:86,8,0,2
BRDA:86,8,1,2
BRDA:86,9,0,4
BRDA:86,9,1,3
BRF:20
BRH:20
end_of_record
