TN:
SF:src\components\citas\CitaCard.jsx
FN:8,(anonymous_0)
FNF:1
FNH:1
FNDA:17,(anonymous_0)
DA:8,1
DA:11,17
DA:13,17
LF:3
LH:3
BRDA:11,0,0,17
BRDA:11,0,1,2
BRDA:36,1,0,17
BRDA:36,1,1,1
BRDA:40,2,0,10
BRDA:40,2,1,7
BRDA:51,3,0,17
BRDA:51,3,1,0
BRDA:65,4,0,17
BRDA:65,4,1,0
BRDA:74,5,0,17
BRDA:74,5,1,10
BRDA:85,6,0,17
BRDA:85,6,1,10
BRF:14
BRH:12
end_of_record
TN:
SF:src\components\citas\FiltroFecha.jsx
FN:6,(anonymous_0)
FN:12,(anonymous_1)
FN:17,(anonymous_2)
FNF:3
FNH:3
FNDA:10,(anonymous_0)
FNDA:1,(anonymous_1)
FNDA:1,(anonymous_2)
DA:6,1
DA:9,10
DA:12,10
DA:13,1
DA:17,10
DA:18,1
DA:21,10
LF:7
LH:7
BRDA:58,0,0,10
BRDA:58,0,1,3
BRF:2
BRH:2
end_of_record
TN:
SF:src\components\clientes\ClienteCard.jsx
FN:7,(anonymous_0)
FN:11,(anonymous_1)
FN:55,(anonymous_2)
FNF:3
FNH:3
FNDA:13,(anonymous_0)
FNDA:1,(anonymous_1)
FNDA:21,(anonymous_2)
DA:7,1
DA:8,13
DA:11,13
DA:12,1
DA:15,13
DA:56,21
LF:6
LH:6
BRDA:32,0,0,13
BRDA:32,0,1,0
BRDA:33,1,0,1
BRDA:33,1,1,12
BRDA:53,2,0,13
BRDA:53,2,1,11
BRDA:60,3,0,21
BRDA:60,3,1,0
BRF:8
BRH:6
end_of_record
TN:
SF:src\components\mascotas\MascotaDetalle.jsx
FN:10,(anonymous_0)
FN:32,(anonymous_1)
FNF:2
FNH:2
FNDA:11,(anonymous_0)
FNDA:1,(anonymous_1)
DA:10,1
DA:11,11
DA:14,11
DA:17,9
DA:18,1
DA:27,8
DA:32,1
LF:7
LH:7
BRDA:10,0,0,8
BRDA:14,1,0,2
BRDA:14,1,1,9
BRDA:17,2,0,1
BRDA:17,2,1,8
BRF:5
BRH:5
end_of_record
TN:
SF:src\components\ui\Badge.jsx
FN:5,(anonymous_0)
FNF:1
FNH:1
FNDA:8,(anonymous_0)
DA:5,1
DA:9,8
DA:12,8
DA:15,8
DA:19,8
LF:5
LH:5
BRDA:5,0,0,7
BRDA:9,1,0,8
BRDA:9,1,1,1
BRDA:12,2,0,8
BRDA:12,2,1,1
BRDA:15,3,0,1
BRDA:15,3,1,7
BRF:7
BRH:7
end_of_record
TN:
SF:src\components\ui\EmptyState.jsx
FN:4,(anonymous_0)
FNF:1
FNH:1
FNDA:7,(anonymous_0)
DA:4,1
DA:9,7
LF:2
LH:2
BRDA:5,0,0,6
BRDA:6,1,0,1
BRDA:7,2,0,6
BRDA:24,3,0,7
BRDA:24,3,1,1
BRF:5
BRH:5
end_of_record
TN:
SF:src\components\ui\Spinner.jsx
FN:3,(anonymous_0)
FNF:1
FNH:1
FNDA:7,(anonymous_0)
DA:3,1
DA:6,7
DA:12,7
LF:3
LH:3
BRDA:3,0,0,5
BRDA:3,1,0,6
BRDA:29,2,0,7
BRDA:29,2,1,1
BRF:4
BRH:4
end_of_record
TN:
SF:src\hooks\useCitas.js
FN:7,(anonymous_0)
FN:20,(anonymous_1)
FN:25,(anonymous_2)
FN:30,(anonymous_3)
FN:65,(anonymous_4)
FNF:5
FNH:5
FNDA:19,(anonymous_0)
FNDA:12,(anonymous_1)
FNDA:7,(anonymous_2)
FNDA:7,(anonymous_3)
FNDA:7,(anonymous_4)
DA:3,1
DA:7,1
DA:8,19
DA:11,16
DA:12,0
DA:20,1
DA:21,12
DA:22,12
DA:23,12
DA:25,12
DA:28,7
DA:30,7
DA:31,7
DA:32,7
DA:33,7
DA:37,7
DA:38,7
DA:42,7
DA:46,6
DA:48,5
DA:49,5
DA:53,2
DA:54,2
DA:57,7
DA:61,7
DA:65,7
DA:68,12
LF:27
LH:26
BRDA:8,0,0,3
BRDA:8,0,1,16
BRDA:11,1,0,16
BRDA:11,1,1,0
BRDA:38,2,0,6
BRDA:38,2,1,1
BRDA:46,3,0,1
BRDA:46,3,1,5
BRDA:53,4,0,2
BRDA:53,4,1,0
BRF:10
BRH:8
end_of_record
TN:
SF:src\hooks\useClientes.js
FN:7,(anonymous_0)
FN:12,(anonymous_1)
FN:17,(anonymous_2)
FN:43,(anonymous_3)
FN:51,(anonymous_4)
FN:56,(anonymous_5)
FN:62,(anonymous_6)
FN:87,(anonymous_7)
FNF:8
FNH:8
FNDA:8,(anonymous_0)
FNDA:5,(anonymous_1)
FNDA:5,(anonymous_2)
FNDA:5,(anonymous_3)
FNDA:7,(anonymous_4)
FNDA:5,(anonymous_5)
FNDA:4,(anonymous_6)
FNDA:4,(anonymous_7)
DA:3,1
DA:7,1
DA:8,8
DA:9,8
DA:10,8
DA:12,8
DA:15,5
DA:17,5
DA:18,5
DA:19,5
DA:20,5
DA:22,5
DA:26,4
DA:28,3
DA:29,3
DA:33,2
DA:34,2
DA:37,5
DA:41,5
DA:43,5
DA:46,8
DA:51,1
DA:52,7
DA:53,7
DA:54,7
DA:56,7
DA:58,5
DA:60,4
DA:62,4
DA:63,4
DA:64,4
DA:65,4
DA:67,4
DA:71,4
DA:73,3
DA:74,3
DA:77,1
DA:78,1
DA:81,4
DA:85,4
DA:87,4
DA:90,7
LF:42
LH:42
BRDA:26,0,0,1
BRDA:26,0,1,3
BRDA:33,1,0,2
BRDA:33,1,1,0
BRDA:58,2,0,1
BRDA:58,2,1,4
BRDA:71,3,0,1
BRDA:71,3,1,3
BRDA:77,4,0,1
BRDA:77,4,1,0
BRF:10
BRH:8
end_of_record
TN:
SF:src\store\slices\citasSlice.js
FN:8,(anonymous_0)
FN:30,(anonymous_1)
FN:35,(anonymous_2)
FN:40,(anonymous_3)
FN:43,(anonymous_4)
FN:48,(anonymous_5)
FN:53,(anonymous_6)
FN:63,(anonymous_7)
FN:64,(anonymous_8)
FN:65,(anonymous_9)
FN:66,(anonymous_10)
FNF:11
FNH:10
FNDA:0,(anonymous_0)
FNDA:1,(anonymous_1)
FNDA:1,(anonymous_2)
FNDA:1,(anonymous_3)
FNDA:1,(anonymous_4)
FNDA:1,(anonymous_5)
FNDA:1,(anonymous_6)
FNDA:1,(anonymous_7)
FNDA:1,(anonymous_8)
FNDA:1,(anonymous_9)
FNDA:1,(anonymous_10)
DA:6,1
DA:9,0
DA:10,0
DA:12,0
DA:19,1
DA:31,1
DA:36,1
DA:37,1
DA:41,1
DA:44,1
DA:45,1
DA:49,1
DA:50,1
DA:54,1
DA:55,1
DA:60,1
DA:63,1
DA:64,1
DA:65,1
DA:66,1
LF:20
LH:17
BRF:0
BRH:0
end_of_record
TN:
SF:src\store\slices\clientesSlice.js
FN:8,(anonymous_0)
FN:21,(anonymous_1)
FN:44,(anonymous_2)
FN:49,(anonymous_3)
FN:52,(anonymous_4)
FN:57,(anonymous_5)
FN:62,(anonymous_6)
FN:68,(anonymous_7)
FN:73,(anonymous_8)
FN:78,(anonymous_9)
FN:88,(anonymous_10)
FN:89,(anonymous_11)
FN:90,(anonymous_12)
FN:91,(anonymous_13)
FNF:14
FNH:12
FNDA:0,(anonymous_0)
FNDA:0,(anonymous_1)
FNDA:1,(anonymous_2)
FNDA:1,(anonymous_3)
FNDA:1,(anonymous_4)
FNDA:1,(anonymous_5)
FNDA:1,(anonymous_6)
FNDA:1,(anonymous_7)
FNDA:1,(anonymous_8)
FNDA:1,(anonymous_9)
FNDA:1,(anonymous_10)
FNDA:1,(anonymous_11)
FNDA:1,(anonymous_12)
FNDA:1,(anonymous_13)
DA:6,1
DA:9,0
DA:10,0
DA:12,0
DA:19,1
DA:22,0
DA:23,0
DA:25,0
DA:33,1
DA:45,1
DA:46,1
DA:50,1
DA:53,1
DA:54,1
DA:58,1
DA:59,1
DA:63,1
DA:64,1
DA:69,1
DA:70,1
DA:74,1
DA:75,1
DA:79,1
DA:80,1
DA:85,1
DA:88,1
DA:89,1
DA:90,1
DA:91,1
LF:29
LH:23
BRF:0
BRH:0
end_of_record
TN:
SF:src\utils\constants.js
FNF:0
FNH:0
DA:2,3
DA:3,3
DA:8,3
DA:11,3
DA:19,3
DA:27,3
DA:35,3
DA:38,3
DA:48,3
DA:56,3
LF:10
LH:10
BRF:0
BRH:0
end_of_record
TN:
SF:src\utils\formatDate.js
FN:6,(anonymous_0)
FN:20,(anonymous_1)
FN:28,(anonymous_2)
FN:42,(anonymous_3)
FN:53,(anonymous_4)
FN:57,(anonymous_5)
FN:64,(anonymous_6)
FNF:7
FNH:7
FNDA:5,(anonymous_0)
FNDA:3,(anonymous_1)
FNDA:23,(anonymous_2)
FNDA:8,(anonymous_3)
FNDA:2,(anonymous_4)
FNDA:6,(anonymous_5)
FNDA:4,(anonymous_6)
DA:2,2
DA:6,2
DA:7,5
DA:9,2
DA:10,2
DA:20,2
DA:21,3
DA:22,1
DA:23,1
DA:28,2
DA:29,23
DA:30,20
DA:31,20
DA:32,20
DA:33,20
DA:42,2
DA:43,8
DA:44,6
DA:45,5
DA:46,5
DA:47,5
DA:48,5
DA:53,2
DA:57,2
DA:58,6
DA:59,4
DA:64,2
DA:65,4
DA:66,2
LF:29
LH:29
BRDA:7,0,0,3
BRDA:7,0,1,2
BRDA:21,1,0,2
BRDA:21,1,1,1
BRDA:29,2,0,3
BRDA:29,2,1,20
BRDA:43,3,0,2
BRDA:43,3,1,6
BRDA:44,4,0,1
BRDA:44,4,1,5
BRDA:58,5,0,2
BRDA:58,5,1,4
BRDA:58,6,0,6
BRDA:58,6,1,5
BRDA:59,7,0,1
BRDA:59,7,1,3
BRDA:65,8,0,2
BRDA:65,8,1,2
BRDA:65,9,0,4
BRDA:65,9,1,3
BRF:20
BRH:20
end_of_record
